2019-07-26 13:31:11,771 [Worker-3: Loading available Gradle versions] INFO  o.e.b.c.i.u.g.PublishedGradleVersions - Gradle version information cache is not available. Remote download required.
2019-07-27 07:53:31,261 [Worker-4: Loading available Gradle versions] INFO  o.e.b.c.i.u.g.PublishedGradleVersions - Gradle version information cache is up-to-date. Trying to read.
2019-08-05 21:12:50,699 [Worker-1: Loading available Gradle versions] INFO  o.e.b.c.i.u.g.PublishedGradleVersions - Gradle version information cache is out-of-date. Trying to update.
2019-08-08 20:38:30,085 [Worker-2: Loading available Gradle versions] INFO  o.e.b.c.i.u.g.PublishedGradleVersions - Gradle version information cache is out-of-date. Trying to update.
2019-08-27 20:52:24,123 [Worker-1: Loading available Gradle versions] INFO  o.e.b.c.i.u.g.PublishedGradleVersions - Gradle version information cache is out-of-date. Trying to update.
2019-08-27 20:52:24,653 [Worker-1: Loading available Gradle versions] INFO  o.e.b.c.i.u.g.PublishedGradleVersions - Updating Gradle version information cache failed. Using outdated cache.
2019-08-27 22:22:12,550 [Worker-4: Loading available Gradle versions] INFO  o.e.b.c.i.u.g.PublishedGradleVersions - Gradle version information cache is out-of-date. Trying to update.
2019-08-28 14:14:32,490 [Worker-4: Loading available Gradle versions] INFO  o.e.b.c.i.u.g.PublishedGradleVersions - Gradle version information cache is up-to-date. Trying to read.
2019-08-28 14:40:24,919 [Worker-1: Loading available Gradle versions] INFO  o.e.b.c.i.u.g.PublishedGradleVersions - Gradle version information cache is up-to-date. Trying to read.
2019-08-28 16:07:19,230 [Worker-1: Loading available Gradle versions] INFO  o.e.b.c.i.u.g.PublishedGradleVersions - Gradle version information cache is up-to-date. Trying to read.
2019-08-28 22:32:48,562 [Worker-3: Loading available Gradle versions] INFO  o.e.b.c.i.u.g.PublishedGradleVersions - Gradle version information cache is out-of-date. Trying to update.
2019-08-28 23:16:34,517 [Worker-3: Loading available Gradle versions] INFO  o.e.b.c.i.u.g.PublishedGradleVersions - Gradle version information cache is up-to-date. Trying to read.
2019-08-30 15:24:31,116 [Worker-1: Loading available Gradle versions] INFO  o.e.b.c.i.u.g.PublishedGradleVersions - Gradle version information cache is out-of-date. Trying to update.
2019-08-30 16:04:22,420 [Worker-6: Loading available Gradle versions] INFO  o.e.b.c.i.u.g.PublishedGradleVersions - Gradle version information cache is up-to-date. Trying to read.
2019-08-30 16:12:02,723 [Worker-2: Loading available Gradle versions] INFO  o.e.b.c.i.u.g.PublishedGradleVersions - Gradle version information cache is up-to-date. Trying to read.
2019-08-31 14:15:56,976 [Worker-4: Loading available Gradle versions] INFO  o.e.b.c.i.u.g.PublishedGradleVersions - Gradle version information cache is up-to-date. Trying to read.
2019-08-31 16:41:40,360 [Worker-4: Loading available Gradle versions] INFO  o.e.b.c.i.u.g.PublishedGradleVersions - Gradle version information cache is out-of-date. Trying to update.
2019-09-01 10:36:12,292 [Worker-0: Loading available Gradle versions] INFO  o.e.b.c.i.u.g.PublishedGradleVersions - Gradle version information cache is up-to-date. Trying to read.
2019-09-01 13:11:50,721 [Worker-14: Loading available Gradle versions] INFO  o.e.b.c.i.u.g.PublishedGradleVersions - Gradle version information cache is up-to-date. Trying to read.
2019-09-02 13:27:47,027 [Worker-0: Loading available Gradle versions] INFO  o.e.b.c.i.u.g.PublishedGradleVersions - Gradle version information cache is out-of-date. Trying to update.
2019-09-03 16:01:34,143 [Worker-7: Loading available Gradle versions] INFO  o.e.b.c.i.u.g.PublishedGradleVersions - Gradle version information cache is out-of-date. Trying to update.
2019-09-03 16:01:34,940 [Worker-7: Loading available Gradle versions] INFO  o.e.b.c.i.u.g.PublishedGradleVersions - Updating Gradle version information cache failed. Using outdated cache.
2019-09-03 17:53:14,540 [Worker-6: Loading available Gradle versions] INFO  o.e.b.c.i.u.g.PublishedGradleVersions - Gradle version information cache is out-of-date. Trying to update.
2019-09-03 17:53:15,103 [Worker-6: Loading available Gradle versions] INFO  o.e.b.c.i.u.g.PublishedGradleVersions - Updating Gradle version information cache failed. Using outdated cache.
2019-09-05 14:10:06,375 [Worker-2: Loading available Gradle versions] INFO  o.e.b.c.i.u.g.PublishedGradleVersions - Gradle version information cache is out-of-date. Trying to update.
2019-09-05 14:10:06,922 [Worker-2: Loading available Gradle versions] INFO  o.e.b.c.i.u.g.PublishedGradleVersions - Updating Gradle version information cache failed. Using outdated cache.
2019-09-06 00:29:01,481 [Worker-3: Loading available Gradle versions] INFO  o.e.b.c.i.u.g.PublishedGradleVersions - Gradle version information cache is out-of-date. Trying to update.
2019-09-06 16:00:00,991 [Worker-4: Loading available Gradle versions] INFO  o.e.b.c.i.u.g.PublishedGradleVersions - Gradle version information cache is up-to-date. Trying to read.
2019-09-06 21:51:13,680 [Worker-4: Loading available Gradle versions] INFO  o.e.b.c.i.u.g.PublishedGradleVersions - Gradle version information cache is up-to-date. Trying to read.
2019-09-07 13:11:38,577 [Worker-3: Loading available Gradle versions] INFO  o.e.b.c.i.u.g.PublishedGradleVersions - Gradle version information cache is out-of-date. Trying to update.
2019-09-07 23:33:37,050 [Worker-6: Loading available Gradle versions] INFO  o.e.b.c.i.u.g.PublishedGradleVersions - Gradle version information cache is up-to-date. Trying to read.
2019-09-09 02:38:03,645 [Worker-1: Loading available Gradle versions] INFO  o.e.b.c.i.u.g.PublishedGradleVersions - Gradle version information cache is out-of-date. Trying to update.
2019-09-09 14:03:42,655 [Worker-3: Loading available Gradle versions] INFO  o.e.b.c.i.u.g.PublishedGradleVersions - Gradle version information cache is up-to-date. Trying to read.
2019-09-09 22:12:46,579 [Worker-3: Loading available Gradle versions] INFO  o.e.b.c.i.u.g.PublishedGradleVersions - Gradle version information cache is up-to-date. Trying to read.
2019-09-10 15:53:57,501 [Worker-6: Loading available Gradle versions] INFO  o.e.b.c.i.u.g.PublishedGradleVersions - Gradle version information cache is out-of-date. Trying to update.
2019-09-10 15:53:58,251 [Worker-6: Loading available Gradle versions] INFO  o.e.b.c.i.u.g.PublishedGradleVersions - Updating Gradle version information cache failed. Using outdated cache.
2019-09-14 23:30:45,971 [Worker-6: Loading available Gradle versions] INFO  o.e.b.c.i.u.g.PublishedGradleVersions - Gradle version information cache is out-of-date. Trying to update.
2019-09-14 23:44:02,689 [Worker-4: Loading available Gradle versions] INFO  o.e.b.c.i.u.g.PublishedGradleVersions - Gradle version information cache is up-to-date. Trying to read.
2019-09-15 15:40:33,389 [Worker-4: Loading available Gradle versions] INFO  o.e.b.c.i.u.g.PublishedGradleVersions - Gradle version information cache is up-to-date. Trying to read.
2019-09-16 20:47:57,476 [Worker-5: Loading available Gradle versions] INFO  o.e.b.c.i.u.g.PublishedGradleVersions - Gradle version information cache is out-of-date. Trying to update.
2019-09-17 15:56:53,671 [Worker-1: Loading available Gradle versions] INFO  o.e.b.c.i.u.g.PublishedGradleVersions - Gradle version information cache is up-to-date. Trying to read.
2019-09-21 22:00:32,988 [Worker-0: Loading available Gradle versions] INFO  o.e.b.c.i.u.g.PublishedGradleVersions - Gradle version information cache is out-of-date. Trying to update.
2019-09-23 22:53:18,720 [Worker-3: Loading available Gradle versions] INFO  o.e.b.c.i.u.g.PublishedGradleVersions - Gradle version information cache is out-of-date. Trying to update.
2019-09-24 16:06:18,012 [Worker-3: Loading available Gradle versions] INFO  o.e.b.c.i.u.g.PublishedGradleVersions - Gradle version information cache is up-to-date. Trying to read.
2019-09-24 17:12:25,221 [Worker-4: Loading available Gradle versions] INFO  o.e.b.c.i.u.g.PublishedGradleVersions - Gradle version information cache is up-to-date. Trying to read.
2019-09-25 22:46:41,184 [Worker-4: Loading available Gradle versions] INFO  o.e.b.c.i.u.g.PublishedGradleVersions - Gradle version information cache is out-of-date. Trying to update.
2019-09-26 00:14:00,030 [Worker-1: Loading available Gradle versions] INFO  o.e.b.c.i.u.g.PublishedGradleVersions - Gradle version information cache is up-to-date. Trying to read.
2019-09-26 21:46:35,760 [Worker-7: Loading available Gradle versions] INFO  o.e.b.c.i.u.g.PublishedGradleVersions - Gradle version information cache is up-to-date. Trying to read.
2019-09-28 01:55:19,535 [Worker-4: Loading available Gradle versions] INFO  o.e.b.c.i.u.g.PublishedGradleVersions - Gradle version information cache is out-of-date. Trying to update.
2019-09-28 21:04:58,516 [Worker-1: Loading available Gradle versions] INFO  o.e.b.c.i.u.g.PublishedGradleVersions - Gradle version information cache is up-to-date. Trying to read.
2019-09-29 15:25:43,016 [Worker-16: Loading available Gradle versions] INFO  o.e.b.c.i.u.g.PublishedGradleVersions - Gradle version information cache is out-of-date. Trying to update.
2019-09-29 17:45:29,248 [Worker-0: Loading available Gradle versions] INFO  o.e.b.c.i.u.g.PublishedGradleVersions - Gradle version information cache is up-to-date. Trying to read.
2019-09-30 19:24:11,577 [Worker-1: Loading available Gradle versions] INFO  o.e.b.c.i.u.g.PublishedGradleVersions - Gradle version information cache is out-of-date. Trying to update.
2019-10-01 14:41:02,088 [Worker-5: Loading available Gradle versions] INFO  o.e.b.c.i.u.g.PublishedGradleVersions - Gradle version information cache is up-to-date. Trying to read.
2019-10-01 15:16:41,943 [Worker-1: Loading available Gradle versions] INFO  o.e.b.c.i.u.g.PublishedGradleVersions - Gradle version information cache is up-to-date. Trying to read.
2019-10-01 16:05:49,291 [Worker-4: Loading available Gradle versions] INFO  o.e.b.c.i.u.g.PublishedGradleVersions - Gradle version information cache is up-to-date. Trying to read.
2019-10-05 17:55:19,747 [Worker-16: Loading available Gradle versions] INFO  o.e.b.c.i.u.g.PublishedGradleVersions - Gradle version information cache is out-of-date. Trying to update.
2019-10-06 04:14:56,531 [Worker-0: Loading available Gradle versions] INFO  o.e.b.c.i.u.g.PublishedGradleVersions - Gradle version information cache is up-to-date. Trying to read.
2019-10-07 17:34:26,380 [Worker-7: Loading available Gradle versions] INFO  o.e.b.c.i.u.g.PublishedGradleVersions - Gradle version information cache is out-of-date. Trying to update.
2019-10-07 18:08:37,581 [Worker-7: Loading available Gradle versions] INFO  o.e.b.c.i.u.g.PublishedGradleVersions - Gradle version information cache is up-to-date. Trying to read.
2019-10-08 17:03:22,621 [Worker-1: Loading available Gradle versions] INFO  o.e.b.c.i.u.g.PublishedGradleVersions - Gradle version information cache is up-to-date. Trying to read.
2019-10-08 17:17:48,285 [Worker-9: Loading available Gradle versions] INFO  o.e.b.c.i.u.g.PublishedGradleVersions - Gradle version information cache is up-to-date. Trying to read.
2019-10-09 00:49:42,970 [Worker-3: Loading available Gradle versions] INFO  o.e.b.c.i.u.g.PublishedGradleVersions - Gradle version information cache is out-of-date. Trying to update.
2019-10-09 23:05:47,407 [Worker-7: Loading available Gradle versions] INFO  o.e.b.c.i.u.g.PublishedGradleVersions - Gradle version information cache is up-to-date. Trying to read.
2019-10-15 15:04:59,880 [Worker-1: Loading available Gradle versions] INFO  o.e.b.c.i.u.g.PublishedGradleVersions - Gradle version information cache is out-of-date. Trying to update.
2019-10-15 16:30:00,844 [Worker-7: Loading available Gradle versions] INFO  o.e.b.c.i.u.g.PublishedGradleVersions - Gradle version information cache is up-to-date. Trying to read.
2019-10-16 16:12:08,607 [Worker-1: Loading available Gradle versions] INFO  o.e.b.c.i.u.g.PublishedGradleVersions - Gradle version information cache is out-of-date. Trying to update.
2019-10-16 17:04:08,552 [Worker-7: Loading available Gradle versions] INFO  o.e.b.c.i.u.g.PublishedGradleVersions - Gradle version information cache is up-to-date. Trying to read.
2019-10-16 21:26:12,032 [Worker-4: Loading available Gradle versions] INFO  o.e.b.c.i.u.g.PublishedGradleVersions - Gradle version information cache is up-to-date. Trying to read.
2019-10-18 11:51:16,446 [Worker-5: Loading available Gradle versions] INFO  o.e.b.c.i.u.g.PublishedGradleVersions - Gradle version information cache is out-of-date. Trying to update.
2019-10-18 20:43:51,006 [Worker-6: Loading available Gradle versions] INFO  o.e.b.c.i.u.g.PublishedGradleVersions - Gradle version information cache is up-to-date. Trying to read.
2019-10-21 14:52:35,457 [Worker-2: Loading available Gradle versions] INFO  o.e.b.c.i.u.g.PublishedGradleVersions - Gradle version information cache is out-of-date. Trying to update.
2019-10-21 14:52:47,562 [Worker-2: Loading available Gradle versions] INFO  o.e.b.c.i.u.g.PublishedGradleVersions - Updating Gradle version information cache failed. Using outdated cache.
2019-10-22 16:03:13,328 [Worker-1: Loading available Gradle versions] INFO  o.e.b.c.i.u.g.PublishedGradleVersions - Gradle version information cache is out-of-date. Trying to update.
2019-10-22 16:03:24,773 [Worker-1: Loading available Gradle versions] INFO  o.e.b.c.i.u.g.PublishedGradleVersions - Updating Gradle version information cache failed. Using outdated cache.
2019-10-22 17:01:30,506 [Worker-2: Loading available Gradle versions] INFO  o.e.b.c.i.u.g.PublishedGradleVersions - Gradle version information cache is out-of-date. Trying to update.
2019-10-22 17:01:50,909 [Worker-2: Loading available Gradle versions] INFO  o.e.b.c.i.u.g.PublishedGradleVersions - Updating Gradle version information cache failed. Using outdated cache.
2019-10-22 17:09:11,738 [Worker-4: Loading available Gradle versions] INFO  o.e.b.c.i.u.g.PublishedGradleVersions - Gradle version information cache is out-of-date. Trying to update.
2019-10-22 17:09:26,844 [Worker-4: Loading available Gradle versions] INFO  o.e.b.c.i.u.g.PublishedGradleVersions - Updating Gradle version information cache failed. Using outdated cache.
2019-10-22 19:57:40,106 [Worker-12: Loading available Gradle versions] INFO  o.e.b.c.i.u.g.PublishedGradleVersions - Gradle version information cache is out-of-date. Trying to update.
2019-10-23 16:16:30,343 [Worker-7: Loading available Gradle versions] INFO  o.e.b.c.i.u.g.PublishedGradleVersions - Gradle version information cache is up-to-date. Trying to read.
2019-10-23 23:24:01,546 [Worker-6: Loading available Gradle versions] INFO  o.e.b.c.i.u.g.PublishedGradleVersions - Gradle version information cache is out-of-date. Trying to update.
2019-10-24 12:28:10,562 [Worker-7: Loading available Gradle versions] INFO  o.e.b.c.i.u.g.PublishedGradleVersions - Gradle version information cache is up-to-date. Trying to read.
2019-10-24 13:44:09,130 [Worker-3: Loading available Gradle versions] INFO  o.e.b.c.i.u.g.PublishedGradleVersions - Gradle version information cache is up-to-date. Trying to read.
2019-10-25 10:36:44,002 [Worker-8: Loading available Gradle versions] INFO  o.e.b.c.i.u.g.PublishedGradleVersions - Gradle version information cache is out-of-date. Trying to update.
2019-10-25 12:11:22,673 [Worker-5: Loading available Gradle versions] INFO  o.e.b.c.i.u.g.PublishedGradleVersions - Gradle version information cache is up-to-date. Trying to read.
2019-10-25 13:37:07,878 [Worker-1: Loading available Gradle versions] INFO  o.e.b.c.i.u.g.PublishedGradleVersions - Gradle version information cache is up-to-date. Trying to read.
2019-10-25 18:02:47,826 [Worker-7: Loading available Gradle versions] INFO  o.e.b.c.i.u.g.PublishedGradleVersions - Gradle version information cache is up-to-date. Trying to read.
2019-10-25 21:37:17,268 [Worker-3: Loading available Gradle versions] INFO  o.e.b.c.i.u.g.PublishedGradleVersions - Gradle version information cache is up-to-date. Trying to read.
2019-10-26 20:46:25,188 [Worker-1: Loading available Gradle versions] INFO  o.e.b.c.i.u.g.PublishedGradleVersions - Gradle version information cache is out-of-date. Trying to update.
2019-10-28 13:22:31,591 [Worker-5: Loading available Gradle versions] INFO  o.e.b.c.i.u.g.PublishedGradleVersions - Gradle version information cache is out-of-date. Trying to update.
2019-10-29 13:57:16,723 [Worker-2: Loading available Gradle versions] INFO  o.e.b.c.i.u.g.PublishedGradleVersions - Gradle version information cache is out-of-date. Trying to update.
2019-10-29 13:57:16,958 [Worker-2: Loading available Gradle versions] INFO  o.e.b.c.i.u.g.PublishedGradleVersions - Updating Gradle version information cache failed. Using outdated cache.
2019-10-29 16:29:38,453 [Worker-2: Loading available Gradle versions] INFO  o.e.b.c.i.u.g.PublishedGradleVersions - Gradle version information cache is out-of-date. Trying to update.
2019-10-29 16:29:38,641 [Worker-2: Loading available Gradle versions] INFO  o.e.b.c.i.u.g.PublishedGradleVersions - Updating Gradle version information cache failed. Using outdated cache.
2019-11-01 00:09:07,128 [Worker-3: Loading available Gradle versions] INFO  o.e.b.c.i.u.g.PublishedGradleVersions - Gradle version information cache is out-of-date. Trying to update.
2019-11-01 14:29:34,764 [Worker-6: Loading available Gradle versions] INFO  o.e.b.c.i.u.g.PublishedGradleVersions - Gradle version information cache is up-to-date. Trying to read.
2019-11-02 00:20:59,766 [Worker-5: Loading available Gradle versions] INFO  o.e.b.c.i.u.g.PublishedGradleVersions - Gradle version information cache is out-of-date. Trying to update.
2019-11-02 22:27:57,657 [Worker-5: Loading available Gradle versions] INFO  o.e.b.c.i.u.g.PublishedGradleVersions - Gradle version information cache is up-to-date. Trying to read.
2019-11-03 10:22:40,822 [Worker-7: Loading available Gradle versions] INFO  o.e.b.c.i.u.g.PublishedGradleVersions - Gradle version information cache is out-of-date. Trying to update.
2019-11-03 14:15:44,646 [Worker-3: Loading available Gradle versions] INFO  o.e.b.c.i.u.g.PublishedGradleVersions - Gradle version information cache is up-to-date. Trying to read.
2019-11-03 23:30:58,553 [Worker-6: Loading available Gradle versions] INFO  o.e.b.c.i.u.g.PublishedGradleVersions - Gradle version information cache is up-to-date. Trying to read.
2019-11-04 01:41:50,352 [Worker-5: Loading available Gradle versions] INFO  o.e.b.c.i.u.g.PublishedGradleVersions - Gradle version information cache is up-to-date. Trying to read.
2019-11-04 02:45:23,664 [Worker-6: Loading available Gradle versions] INFO  o.e.b.c.i.u.g.PublishedGradleVersions - Gradle version information cache is up-to-date. Trying to read.
2019-11-04 04:45:15,911 [Worker-2: Loading available Gradle versions] INFO  o.e.b.c.i.u.g.PublishedGradleVersions - Gradle version information cache is up-to-date. Trying to read.
2019-11-04 13:08:36,572 [Worker-5: Loading available Gradle versions] INFO  o.e.b.c.i.u.g.PublishedGradleVersions - Gradle version information cache is out-of-date. Trying to update.
2019-11-04 13:50:17,013 [Worker-0: Loading available Gradle versions] INFO  o.e.b.c.i.u.g.PublishedGradleVersions - Gradle version information cache is up-to-date. Trying to read.
2019-11-04 14:49:13,704 [Worker-3: Loading available Gradle versions] INFO  o.e.b.c.i.u.g.PublishedGradleVersions - Gradle version information cache is up-to-date. Trying to read.
2019-11-05 15:56:58,833 [Worker-4: Loading available Gradle versions] INFO  o.e.b.c.i.u.g.PublishedGradleVersions - Gradle version information cache is out-of-date. Trying to update.
2019-11-05 15:56:59,161 [Worker-4: Loading available Gradle versions] INFO  o.e.b.c.i.u.g.PublishedGradleVersions - Updating Gradle version information cache failed. Using outdated cache.
2019-11-05 17:11:08,236 [Worker-4: Loading available Gradle versions] INFO  o.e.b.c.i.u.g.PublishedGradleVersions - Gradle version information cache is out-of-date. Trying to update.
2019-11-05 19:18:31,676 [Worker-1: Loading available Gradle versions] INFO  o.e.b.c.i.u.g.PublishedGradleVersions - Gradle version information cache is up-to-date. Trying to read.
2019-11-05 19:21:02,539 [Worker-5: Loading available Gradle versions] INFO  o.e.b.c.i.u.g.PublishedGradleVersions - Gradle version information cache is up-to-date. Trying to read.
2019-11-05 19:26:35,338 [Worker-1: Loading available Gradle versions] INFO  o.e.b.c.i.u.g.PublishedGradleVersions - Gradle version information cache is up-to-date. Trying to read.
2019-11-06 00:50:50,570 [Worker-7: Loading available Gradle versions] INFO  o.e.b.c.i.u.g.PublishedGradleVersions - Gradle version information cache is up-to-date. Trying to read.
2019-11-06 09:31:10,171 [Worker-3: Loading available Gradle versions] INFO  o.e.b.c.i.u.g.PublishedGradleVersions - Gradle version information cache is up-to-date. Trying to read.
2019-11-06 17:49:23,536 [Worker-1: Loading available Gradle versions] INFO  o.e.b.c.i.u.g.PublishedGradleVersions - Gradle version information cache is out-of-date. Trying to update.
2019-11-06 17:49:23,739 [Worker-1: Loading available Gradle versions] INFO  o.e.b.c.i.u.g.PublishedGradleVersions - Updating Gradle version information cache failed. Using outdated cache.
2019-11-06 18:24:56,954 [Worker-4: Loading available Gradle versions] INFO  o.e.b.c.i.u.g.PublishedGradleVersions - Gradle version information cache is out-of-date. Trying to update.
2019-11-06 18:24:57,125 [Worker-4: Loading available Gradle versions] INFO  o.e.b.c.i.u.g.PublishedGradleVersions - Updating Gradle version information cache failed. Using outdated cache.
2019-11-07 09:20:02,388 [Worker-2: Loading available Gradle versions] INFO  o.e.b.c.i.u.g.PublishedGradleVersions - Gradle version information cache is out-of-date. Trying to update.
2019-11-07 09:20:02,607 [Worker-2: Loading available Gradle versions] INFO  o.e.b.c.i.u.g.PublishedGradleVersions - Updating Gradle version information cache failed. Using outdated cache.
2019-11-07 11:45:15,675 [Worker-2: Loading available Gradle versions] INFO  o.e.b.c.i.u.g.PublishedGradleVersions - Gradle version information cache is out-of-date. Trying to update.
2019-11-07 11:45:16,065 [Worker-2: Loading available Gradle versions] INFO  o.e.b.c.i.u.g.PublishedGradleVersions - Updating Gradle version information cache failed. Using outdated cache.
2019-11-08 01:09:41,962 [Worker-0: Loading available Gradle versions] INFO  o.e.b.c.i.u.g.PublishedGradleVersions - Gradle version information cache is out-of-date. Trying to update.
2019-11-08 18:07:10,328 [Worker-2: Loading available Gradle versions] INFO  o.e.b.c.i.u.g.PublishedGradleVersions - Gradle version information cache is up-to-date. Trying to read.
2019-11-09 02:18:22,780 [Worker-2: Loading available Gradle versions] INFO  o.e.b.c.i.u.g.PublishedGradleVersions - Gradle version information cache is out-of-date. Trying to update.
2019-11-09 12:27:12,173 [Worker-2: Loading available Gradle versions] INFO  o.e.b.c.i.u.g.PublishedGradleVersions - Gradle version information cache is up-to-date. Trying to read.
2019-11-09 13:02:21,206 [Worker-6: Loading available Gradle versions] INFO  o.e.b.c.i.u.g.PublishedGradleVersions - Gradle version information cache is up-to-date. Trying to read.
2019-11-09 18:33:38,093 [Worker-3: Loading available Gradle versions] INFO  o.e.b.c.i.u.g.PublishedGradleVersions - Gradle version information cache is up-to-date. Trying to read.
2019-11-10 01:09:07,550 [Worker-1: Loading available Gradle versions] INFO  o.e.b.c.i.u.g.PublishedGradleVersions - Gradle version information cache is up-to-date. Trying to read.
2019-11-10 14:41:56,373 [Worker-5: Loading available Gradle versions] INFO  o.e.b.c.i.u.g.PublishedGradleVersions - Gradle version information cache is out-of-date. Trying to update.
2019-11-11 01:26:16,818 [Worker-4: Loading available Gradle versions] INFO  o.e.b.c.i.u.g.PublishedGradleVersions - Gradle version information cache is up-to-date. Trying to read.
2019-11-11 05:32:38,642 [Worker-8: Loading available Gradle versions] INFO  o.e.b.c.i.u.g.PublishedGradleVersions - Gradle version information cache is up-to-date. Trying to read.
2019-11-11 12:51:00,598 [Worker-0: Loading available Gradle versions] INFO  o.e.b.c.i.u.g.PublishedGradleVersions - Gradle version information cache is up-to-date. Trying to read.
2019-11-11 15:33:05,031 [Worker-7: Loading available Gradle versions] INFO  o.e.b.c.i.u.g.PublishedGradleVersions - Gradle version information cache is out-of-date. Trying to update.
2019-11-11 20:59:35,921 [Worker-0: Loading available Gradle versions] INFO  o.e.b.c.i.u.g.PublishedGradleVersions - Gradle version information cache is up-to-date. Trying to read.
2019-11-12 14:45:57,935 [Worker-1: Loading available Gradle versions] INFO  o.e.b.c.i.u.g.PublishedGradleVersions - Gradle version information cache is up-to-date. Trying to read.
2019-11-13 01:04:34,350 [Worker-2: Loading available Gradle versions] INFO  o.e.b.c.i.u.g.PublishedGradleVersions - Gradle version information cache is out-of-date. Trying to update.
2019-11-17 20:49:40,790 [Worker-2: Loading available Gradle versions] INFO  o.e.b.c.i.u.g.PublishedGradleVersions - Gradle version information cache is out-of-date. Trying to update.
2019-11-18 09:27:03,689 [Worker-1: Loading available Gradle versions] INFO  o.e.b.c.i.u.g.PublishedGradleVersions - Gradle version information cache is up-to-date. Trying to read.
2019-11-18 09:34:51,935 [Worker-16: Auto share git projects] WARN  org.eclipse.jgit.util.FS - C:\Program Files\Git\mingw64\etc\.probe-999804fe-4b05-43d3-b7b9-c05cac84071b
java.nio.file.AccessDeniedException: C:\Program Files\Git\mingw64\etc\.probe-999804fe-4b05-43d3-b7b9-c05cac84071b
	at java.base/sun.nio.fs.WindowsException.translateToIOException(WindowsException.java:89) ~[na:na]
	at java.base/sun.nio.fs.WindowsException.rethrowAsIOException(WindowsException.java:103) ~[na:na]
	at java.base/sun.nio.fs.WindowsException.rethrowAsIOException(WindowsException.java:108) ~[na:na]
	at java.base/sun.nio.fs.WindowsFileSystemProvider.newByteChannel(WindowsFileSystemProvider.java:235) ~[na:na]
	at java.base/java.nio.file.Files.newByteChannel(Files.java:373) ~[na:na]
	at java.base/java.nio.file.Files.createFile(Files.java:650) ~[na:na]
	at org.eclipse.jgit.util.FS$FileStoreAttributeCache.<init>(FS.java:234) ~[na:na]
	at org.eclipse.jgit.util.FS$FileStoreAttributeCache.getFsTimestampResolution(FS.java:211) ~[na:na]
	at org.eclipse.jgit.util.FS.getFsTimerResolution(FS.java:321) ~[na:na]
	at org.eclipse.jgit.internal.storage.file.FileSnapshot.<init>(FileSnapshot.java:186) ~[na:na]
	at org.eclipse.jgit.internal.storage.file.FileSnapshot.save(FileSnapshot.java:122) ~[na:na]
	at org.eclipse.jgit.storage.file.FileBasedConfig.load(FileBasedConfig.java:156) ~[na:na]
	at org.eclipse.jgit.internal.storage.file.FileRepository.loadSystemConfig(FileRepository.java:245) ~[na:na]
	at org.eclipse.jgit.internal.storage.file.FileRepository.<init>(FileRepository.java:203) ~[na:na]
	at org.eclipse.jgit.storage.file.FileRepositoryBuilder.build(FileRepositoryBuilder.java:88) ~[na:na]
	at org.eclipse.jgit.storage.file.FileRepositoryBuilder.create(FileRepositoryBuilder.java:108) ~[na:na]
	at org.eclipse.egit.core.RepositoryCache.lookupRepository(RepositoryCache.java:58) ~[na:na]
	at org.eclipse.egit.core.project.GitProjectData.map(GitProjectData.java:693) ~[na:na]
	at org.eclipse.egit.core.project.GitProjectData.remapAll(GitProjectData.java:651) ~[na:na]
	at org.eclipse.egit.core.project.GitProjectData.setRepositoryMappings(GitProjectData.java:465) ~[na:na]
	at org.eclipse.egit.core.op.ConnectProviderOperation.connectProject(ConnectProviderOperation.java:153) ~[na:na]
	at org.eclipse.egit.core.op.ConnectProviderOperation.execute(ConnectProviderOperation.java:111) ~[na:na]
	at org.eclipse.egit.core.internal.job.JobUtil$1.run(JobUtil.java:55) ~[na:na]
	at org.eclipse.core.internal.jobs.Worker.run(Worker.java:63) ~[org.eclipse.core.jobs_3.10.400.v20190506-1457.jar:na]
2019-11-18 17:05:04,434 [Worker-8: Loading available Gradle versions] INFO  o.e.b.c.i.u.g.PublishedGradleVersions - Gradle version information cache is up-to-date. Trying to read.
2019-11-18 17:05:09,870 [Worker-3: Decoration Calculation] WARN  org.eclipse.jgit.util.FS - C:\Program Files\Git\mingw64\etc\.probe-ed62b5ce-8b81-4e9d-8c7a-2087520ba0ca
java.nio.file.AccessDeniedException: C:\Program Files\Git\mingw64\etc\.probe-ed62b5ce-8b81-4e9d-8c7a-2087520ba0ca
	at java.base/sun.nio.fs.WindowsException.translateToIOException(WindowsException.java:89) ~[na:na]
	at java.base/sun.nio.fs.WindowsException.rethrowAsIOException(WindowsException.java:103) ~[na:na]
	at java.base/sun.nio.fs.WindowsException.rethrowAsIOException(WindowsException.java:108) ~[na:na]
	at java.base/sun.nio.fs.WindowsFileSystemProvider.newByteChannel(WindowsFileSystemProvider.java:235) ~[na:na]
	at java.base/java.nio.file.Files.newByteChannel(Files.java:373) ~[na:na]
	at java.base/java.nio.file.Files.createFile(Files.java:650) ~[na:na]
	at org.eclipse.jgit.util.FS$FileStoreAttributeCache.<init>(FS.java:234) ~[na:na]
	at org.eclipse.jgit.util.FS$FileStoreAttributeCache.getFsTimestampResolution(FS.java:211) ~[na:na]
	at org.eclipse.jgit.util.FS.getFsTimerResolution(FS.java:321) ~[na:na]
	at org.eclipse.jgit.internal.storage.file.FileSnapshot.<init>(FileSnapshot.java:186) ~[na:na]
	at org.eclipse.jgit.internal.storage.file.FileSnapshot.save(FileSnapshot.java:122) ~[na:na]
	at org.eclipse.jgit.storage.file.FileBasedConfig.load(FileBasedConfig.java:156) ~[na:na]
	at org.eclipse.jgit.internal.storage.file.FileRepository.loadSystemConfig(FileRepository.java:245) ~[na:na]
	at org.eclipse.jgit.internal.storage.file.FileRepository.<init>(FileRepository.java:203) ~[na:na]
	at org.eclipse.jgit.storage.file.FileRepositoryBuilder.build(FileRepositoryBuilder.java:88) ~[na:na]
	at org.eclipse.jgit.storage.file.FileRepositoryBuilder.create(FileRepositoryBuilder.java:108) ~[na:na]
	at org.eclipse.egit.core.RepositoryCache.lookupRepository(RepositoryCache.java:58) ~[na:na]
	at org.eclipse.egit.core.project.GitProjectData.map(GitProjectData.java:693) ~[na:na]
	at org.eclipse.egit.core.project.GitProjectData.remapAll(GitProjectData.java:651) ~[na:na]
	at org.eclipse.egit.core.project.GitProjectData.load(GitProjectData.java:634) ~[na:na]
	at org.eclipse.egit.core.project.GitProjectData.get(GitProjectData.java:220) ~[na:na]
	at org.eclipse.egit.core.project.RepositoryMapping.getProjectData(RepositoryMapping.java:335) ~[na:na]
	at org.eclipse.egit.core.project.RepositoryMapping.findMapping(RepositoryMapping.java:356) ~[na:na]
	at org.eclipse.egit.core.project.RepositoryMapping.getMapping(RepositoryMapping.java:313) ~[na:na]
	at org.eclipse.egit.ui.internal.decorators.DecoratableWorkingSet.<init>(DecoratableWorkingSet.java:67) ~[na:na]
	at org.eclipse.egit.ui.internal.decorators.GitLightweightDecorator.decorateResourceMapping(GitLightweightDecorator.java:258) ~[na:na]
	at org.eclipse.egit.ui.internal.decorators.GitLightweightDecorator.decorate(GitLightweightDecorator.java:199) ~[na:na]
	at org.eclipse.ui.internal.decorators.LightweightDecoratorDefinition.decorate(LightweightDecoratorDefinition.java:247) ~[na:na]
	at org.eclipse.ui.internal.decorators.LightweightDecoratorManager$LightweightRunnable.run(LightweightDecoratorManager.java:105) ~[na:na]
	at org.eclipse.core.runtime.SafeRunner.run(SafeRunner.java:45) ~[org.eclipse.equinox.common_3.10.400.v20190516-1504.jar:na]
	at org.eclipse.ui.internal.decorators.LightweightDecoratorManager.decorate(LightweightDecoratorManager.java:360) ~[na:na]
	at org.eclipse.ui.internal.decorators.LightweightDecoratorManager.getDecorations(LightweightDecoratorManager.java:346) ~[na:na]
	at org.eclipse.ui.internal.decorators.DecorationScheduler$1.ensureResultCached(DecorationScheduler.java:333) ~[na:na]
	at org.eclipse.ui.internal.decorators.DecorationScheduler$1.run(DecorationScheduler.java:300) ~[na:na]
	at org.eclipse.core.internal.jobs.Worker.run(Worker.java:63) ~[org.eclipse.core.jobs_3.10.400.v20190506-1457.jar:na]
2019-11-18 17:13:05,151 [Worker-4: Loading available Gradle versions] INFO  o.e.b.c.i.u.g.PublishedGradleVersions - Gradle version information cache is up-to-date. Trying to read.
2019-11-18 17:13:09,190 [Worker-3: Decoration Calculation] WARN  org.eclipse.jgit.util.FS - C:\Program Files\Git\mingw64\etc\.probe-4ec4ff4e-a508-451b-90ad-c8900e8cc669
java.nio.file.AccessDeniedException: C:\Program Files\Git\mingw64\etc\.probe-4ec4ff4e-a508-451b-90ad-c8900e8cc669
	at java.base/sun.nio.fs.WindowsException.translateToIOException(WindowsException.java:89) ~[na:na]
	at java.base/sun.nio.fs.WindowsException.rethrowAsIOException(WindowsException.java:103) ~[na:na]
	at java.base/sun.nio.fs.WindowsException.rethrowAsIOException(WindowsException.java:108) ~[na:na]
	at java.base/sun.nio.fs.WindowsFileSystemProvider.newByteChannel(WindowsFileSystemProvider.java:235) ~[na:na]
	at java.base/java.nio.file.Files.newByteChannel(Files.java:373) ~[na:na]
	at java.base/java.nio.file.Files.createFile(Files.java:650) ~[na:na]
	at org.eclipse.jgit.util.FS$FileStoreAttributeCache.<init>(FS.java:234) ~[na:na]
	at org.eclipse.jgit.util.FS$FileStoreAttributeCache.getFsTimestampResolution(FS.java:211) ~[na:na]
	at org.eclipse.jgit.util.FS.getFsTimerResolution(FS.java:321) ~[na:na]
	at org.eclipse.jgit.internal.storage.file.FileSnapshot.<init>(FileSnapshot.java:186) ~[na:na]
	at org.eclipse.jgit.internal.storage.file.FileSnapshot.save(FileSnapshot.java:122) ~[na:na]
	at org.eclipse.jgit.storage.file.FileBasedConfig.load(FileBasedConfig.java:156) ~[na:na]
	at org.eclipse.jgit.internal.storage.file.FileRepository.loadSystemConfig(FileRepository.java:245) ~[na:na]
	at org.eclipse.jgit.internal.storage.file.FileRepository.<init>(FileRepository.java:203) ~[na:na]
	at org.eclipse.jgit.storage.file.FileRepositoryBuilder.build(FileRepositoryBuilder.java:88) ~[na:na]
	at org.eclipse.jgit.storage.file.FileRepositoryBuilder.create(FileRepositoryBuilder.java:108) ~[na:na]
	at org.eclipse.egit.core.RepositoryCache.lookupRepository(RepositoryCache.java:58) ~[na:na]
	at org.eclipse.egit.core.project.GitProjectData.map(GitProjectData.java:693) ~[na:na]
	at org.eclipse.egit.core.project.GitProjectData.remapAll(GitProjectData.java:651) ~[na:na]
	at org.eclipse.egit.core.project.GitProjectData.load(GitProjectData.java:634) ~[na:na]
	at org.eclipse.egit.core.project.GitProjectData.get(GitProjectData.java:220) ~[na:na]
	at org.eclipse.egit.core.project.RepositoryMapping.getProjectData(RepositoryMapping.java:335) ~[na:na]
	at org.eclipse.egit.core.project.RepositoryMapping.findMapping(RepositoryMapping.java:356) ~[na:na]
	at org.eclipse.egit.core.project.RepositoryMapping.getMapping(RepositoryMapping.java:313) ~[na:na]
	at org.eclipse.egit.ui.internal.decorators.DecoratableWorkingSet.<init>(DecoratableWorkingSet.java:67) ~[na:na]
	at org.eclipse.egit.ui.internal.decorators.GitLightweightDecorator.decorateResourceMapping(GitLightweightDecorator.java:258) ~[na:na]
	at org.eclipse.egit.ui.internal.decorators.GitLightweightDecorator.decorate(GitLightweightDecorator.java:199) ~[na:na]
	at org.eclipse.ui.internal.decorators.LightweightDecoratorDefinition.decorate(LightweightDecoratorDefinition.java:247) ~[na:na]
	at org.eclipse.ui.internal.decorators.LightweightDecoratorManager$LightweightRunnable.run(LightweightDecoratorManager.java:105) ~[na:na]
	at org.eclipse.core.runtime.SafeRunner.run(SafeRunner.java:45) ~[org.eclipse.equinox.common_3.10.400.v20190516-1504.jar:na]
	at org.eclipse.ui.internal.decorators.LightweightDecoratorManager.decorate(LightweightDecoratorManager.java:360) ~[na:na]
	at org.eclipse.ui.internal.decorators.LightweightDecoratorManager.getDecorations(LightweightDecoratorManager.java:346) ~[na:na]
	at org.eclipse.ui.internal.decorators.DecorationScheduler$1.ensureResultCached(DecorationScheduler.java:333) ~[na:na]
	at org.eclipse.ui.internal.decorators.DecorationScheduler$1.run(DecorationScheduler.java:300) ~[na:na]
	at org.eclipse.core.internal.jobs.Worker.run(Worker.java:63) ~[org.eclipse.core.jobs_3.10.400.v20190506-1457.jar:na]
2019-11-19 22:34:05,898 [Worker-2: Loading available Gradle versions] INFO  o.e.b.c.i.u.g.PublishedGradleVersions - Gradle version information cache is out-of-date. Trying to update.
2019-11-19 22:34:08,318 [Worker-4: Decoration Calculation] WARN  org.eclipse.jgit.util.FS - C:\Program Files\Git\mingw64\etc\.probe-d6aef6f4-300d-4ae9-9360-8128a83b81a7
java.nio.file.AccessDeniedException: C:\Program Files\Git\mingw64\etc\.probe-d6aef6f4-300d-4ae9-9360-8128a83b81a7
	at java.base/sun.nio.fs.WindowsException.translateToIOException(WindowsException.java:89) ~[na:na]
	at java.base/sun.nio.fs.WindowsException.rethrowAsIOException(WindowsException.java:103) ~[na:na]
	at java.base/sun.nio.fs.WindowsException.rethrowAsIOException(WindowsException.java:108) ~[na:na]
	at java.base/sun.nio.fs.WindowsFileSystemProvider.newByteChannel(WindowsFileSystemProvider.java:235) ~[na:na]
	at java.base/java.nio.file.Files.newByteChannel(Files.java:373) ~[na:na]
	at java.base/java.nio.file.Files.createFile(Files.java:650) ~[na:na]
	at org.eclipse.jgit.util.FS$FileStoreAttributeCache.<init>(FS.java:234) ~[na:na]
	at org.eclipse.jgit.util.FS$FileStoreAttributeCache.getFsTimestampResolution(FS.java:211) ~[na:na]
	at org.eclipse.jgit.util.FS.getFsTimerResolution(FS.java:321) ~[na:na]
	at org.eclipse.jgit.internal.storage.file.FileSnapshot.<init>(FileSnapshot.java:186) ~[na:na]
	at org.eclipse.jgit.internal.storage.file.FileSnapshot.save(FileSnapshot.java:122) ~[na:na]
	at org.eclipse.jgit.storage.file.FileBasedConfig.load(FileBasedConfig.java:156) ~[na:na]
	at org.eclipse.jgit.internal.storage.file.FileRepository.loadSystemConfig(FileRepository.java:245) ~[na:na]
	at org.eclipse.jgit.internal.storage.file.FileRepository.<init>(FileRepository.java:203) ~[na:na]
	at org.eclipse.jgit.storage.file.FileRepositoryBuilder.build(FileRepositoryBuilder.java:88) ~[na:na]
	at org.eclipse.jgit.storage.file.FileRepositoryBuilder.create(FileRepositoryBuilder.java:108) ~[na:na]
	at org.eclipse.egit.core.RepositoryCache.lookupRepository(RepositoryCache.java:58) ~[na:na]
	at org.eclipse.egit.core.project.GitProjectData.map(GitProjectData.java:693) ~[na:na]
	at org.eclipse.egit.core.project.GitProjectData.remapAll(GitProjectData.java:651) ~[na:na]
	at org.eclipse.egit.core.project.GitProjectData.load(GitProjectData.java:634) ~[na:na]
	at org.eclipse.egit.core.project.GitProjectData.get(GitProjectData.java:220) ~[na:na]
	at org.eclipse.egit.core.project.RepositoryMapping.getProjectData(RepositoryMapping.java:335) ~[na:na]
	at org.eclipse.egit.core.project.RepositoryMapping.findMapping(RepositoryMapping.java:356) ~[na:na]
	at org.eclipse.egit.core.project.RepositoryMapping.getMapping(RepositoryMapping.java:313) ~[na:na]
	at org.eclipse.egit.ui.internal.decorators.DecoratableWorkingSet.<init>(DecoratableWorkingSet.java:67) ~[na:na]
	at org.eclipse.egit.ui.internal.decorators.GitLightweightDecorator.decorateResourceMapping(GitLightweightDecorator.java:258) ~[na:na]
	at org.eclipse.egit.ui.internal.decorators.GitLightweightDecorator.decorate(GitLightweightDecorator.java:199) ~[na:na]
	at org.eclipse.ui.internal.decorators.LightweightDecoratorDefinition.decorate(LightweightDecoratorDefinition.java:247) ~[na:na]
	at org.eclipse.ui.internal.decorators.LightweightDecoratorManager$LightweightRunnable.run(LightweightDecoratorManager.java:105) ~[na:na]
	at org.eclipse.core.runtime.SafeRunner.run(SafeRunner.java:45) ~[org.eclipse.equinox.common_3.10.400.v20190516-1504.jar:na]
	at org.eclipse.ui.internal.decorators.LightweightDecoratorManager.decorate(LightweightDecoratorManager.java:360) ~[na:na]
	at org.eclipse.ui.internal.decorators.LightweightDecoratorManager.getDecorations(LightweightDecoratorManager.java:346) ~[na:na]
	at org.eclipse.ui.internal.decorators.DecorationScheduler$1.ensureResultCached(DecorationScheduler.java:333) ~[na:na]
	at org.eclipse.ui.internal.decorators.DecorationScheduler$1.run(DecorationScheduler.java:300) ~[na:na]
	at org.eclipse.core.internal.jobs.Worker.run(Worker.java:63) ~[org.eclipse.core.jobs_3.10.400.v20190506-1457.jar:na]
2019-11-20 13:17:51,274 [Worker-5: Loading available Gradle versions] INFO  o.e.b.c.i.u.g.PublishedGradleVersions - Gradle version information cache is up-to-date. Trying to read.
2019-11-20 13:17:53,040 [Worker-2: Decoration Calculation] WARN  org.eclipse.jgit.util.FS - C:\Program Files\Git\mingw64\etc\.probe-4da005b7-87a8-452c-8dfd-8fadd97e9c25
java.nio.file.AccessDeniedException: C:\Program Files\Git\mingw64\etc\.probe-4da005b7-87a8-452c-8dfd-8fadd97e9c25
	at java.base/sun.nio.fs.WindowsException.translateToIOException(WindowsException.java:89) ~[na:na]
	at java.base/sun.nio.fs.WindowsException.rethrowAsIOException(WindowsException.java:103) ~[na:na]
	at java.base/sun.nio.fs.WindowsException.rethrowAsIOException(WindowsException.java:108) ~[na:na]
	at java.base/sun.nio.fs.WindowsFileSystemProvider.newByteChannel(WindowsFileSystemProvider.java:235) ~[na:na]
	at java.base/java.nio.file.Files.newByteChannel(Files.java:373) ~[na:na]
	at java.base/java.nio.file.Files.createFile(Files.java:650) ~[na:na]
	at org.eclipse.jgit.util.FS$FileStoreAttributeCache.<init>(FS.java:234) ~[na:na]
	at org.eclipse.jgit.util.FS$FileStoreAttributeCache.getFsTimestampResolution(FS.java:211) ~[na:na]
	at org.eclipse.jgit.util.FS.getFsTimerResolution(FS.java:321) ~[na:na]
	at org.eclipse.jgit.internal.storage.file.FileSnapshot.<init>(FileSnapshot.java:186) ~[na:na]
	at org.eclipse.jgit.internal.storage.file.FileSnapshot.save(FileSnapshot.java:122) ~[na:na]
	at org.eclipse.jgit.storage.file.FileBasedConfig.load(FileBasedConfig.java:156) ~[na:na]
	at org.eclipse.jgit.internal.storage.file.FileRepository.loadSystemConfig(FileRepository.java:245) ~[na:na]
	at org.eclipse.jgit.internal.storage.file.FileRepository.<init>(FileRepository.java:203) ~[na:na]
	at org.eclipse.jgit.storage.file.FileRepositoryBuilder.build(FileRepositoryBuilder.java:88) ~[na:na]
	at org.eclipse.jgit.storage.file.FileRepositoryBuilder.create(FileRepositoryBuilder.java:108) ~[na:na]
	at org.eclipse.egit.core.RepositoryCache.lookupRepository(RepositoryCache.java:58) ~[na:na]
	at org.eclipse.egit.core.project.GitProjectData.map(GitProjectData.java:693) ~[na:na]
	at org.eclipse.egit.core.project.GitProjectData.remapAll(GitProjectData.java:651) ~[na:na]
	at org.eclipse.egit.core.project.GitProjectData.load(GitProjectData.java:634) ~[na:na]
	at org.eclipse.egit.core.project.GitProjectData.get(GitProjectData.java:220) ~[na:na]
	at org.eclipse.egit.core.project.RepositoryMapping.getProjectData(RepositoryMapping.java:335) ~[na:na]
	at org.eclipse.egit.core.project.RepositoryMapping.findMapping(RepositoryMapping.java:356) ~[na:na]
	at org.eclipse.egit.core.project.RepositoryMapping.getMapping(RepositoryMapping.java:313) ~[na:na]
	at org.eclipse.egit.ui.internal.decorators.DecoratableWorkingSet.<init>(DecoratableWorkingSet.java:67) ~[na:na]
	at org.eclipse.egit.ui.internal.decorators.GitLightweightDecorator.decorateResourceMapping(GitLightweightDecorator.java:258) ~[na:na]
	at org.eclipse.egit.ui.internal.decorators.GitLightweightDecorator.decorate(GitLightweightDecorator.java:199) ~[na:na]
	at org.eclipse.ui.internal.decorators.LightweightDecoratorDefinition.decorate(LightweightDecoratorDefinition.java:247) ~[na:na]
	at org.eclipse.ui.internal.decorators.LightweightDecoratorManager$LightweightRunnable.run(LightweightDecoratorManager.java:105) ~[na:na]
	at org.eclipse.core.runtime.SafeRunner.run(SafeRunner.java:45) ~[org.eclipse.equinox.common_3.10.400.v20190516-1504.jar:na]
	at org.eclipse.ui.internal.decorators.LightweightDecoratorManager.decorate(LightweightDecoratorManager.java:360) ~[na:na]
	at org.eclipse.ui.internal.decorators.LightweightDecoratorManager.getDecorations(LightweightDecoratorManager.java:346) ~[na:na]
	at org.eclipse.ui.internal.decorators.DecorationScheduler$1.ensureResultCached(DecorationScheduler.java:333) ~[na:na]
	at org.eclipse.ui.internal.decorators.DecorationScheduler$1.run(DecorationScheduler.java:300) ~[na:na]
	at org.eclipse.core.internal.jobs.Worker.run(Worker.java:63) ~[org.eclipse.core.jobs_3.10.400.v20190506-1457.jar:na]
2019-12-02 11:30:49,242 [Worker-1: Loading available Gradle versions] INFO  o.e.b.c.i.u.g.PublishedGradleVersions - Gradle version information cache is out-of-date. Trying to update.
2019-12-02 11:30:51,720 [Worker-6: Decoration Calculation] WARN  org.eclipse.jgit.util.FS - C:\Program Files\Git\mingw64\etc\.probe-8ccd3e35-f6a3-494c-8537-13079df5e167
java.nio.file.AccessDeniedException: C:\Program Files\Git\mingw64\etc\.probe-8ccd3e35-f6a3-494c-8537-13079df5e167
	at java.base/sun.nio.fs.WindowsException.translateToIOException(WindowsException.java:89) ~[na:na]
	at java.base/sun.nio.fs.WindowsException.rethrowAsIOException(WindowsException.java:103) ~[na:na]
	at java.base/sun.nio.fs.WindowsException.rethrowAsIOException(WindowsException.java:108) ~[na:na]
	at java.base/sun.nio.fs.WindowsFileSystemProvider.newByteChannel(WindowsFileSystemProvider.java:235) ~[na:na]
	at java.base/java.nio.file.Files.newByteChannel(Files.java:373) ~[na:na]
	at java.base/java.nio.file.Files.createFile(Files.java:650) ~[na:na]
	at org.eclipse.jgit.util.FS$FileStoreAttributeCache.<init>(FS.java:234) ~[na:na]
	at org.eclipse.jgit.util.FS$FileStoreAttributeCache.getFsTimestampResolution(FS.java:211) ~[na:na]
	at org.eclipse.jgit.util.FS.getFsTimerResolution(FS.java:321) ~[na:na]
	at org.eclipse.jgit.internal.storage.file.FileSnapshot.<init>(FileSnapshot.java:186) ~[na:na]
	at org.eclipse.jgit.internal.storage.file.FileSnapshot.save(FileSnapshot.java:122) ~[na:na]
	at org.eclipse.jgit.storage.file.FileBasedConfig.load(FileBasedConfig.java:156) ~[na:na]
	at org.eclipse.jgit.internal.storage.file.FileRepository.loadSystemConfig(FileRepository.java:245) ~[na:na]
	at org.eclipse.jgit.internal.storage.file.FileRepository.<init>(FileRepository.java:203) ~[na:na]
	at org.eclipse.jgit.storage.file.FileRepositoryBuilder.build(FileRepositoryBuilder.java:88) ~[na:na]
	at org.eclipse.jgit.storage.file.FileRepositoryBuilder.create(FileRepositoryBuilder.java:108) ~[na:na]
	at org.eclipse.egit.core.RepositoryCache.lookupRepository(RepositoryCache.java:58) ~[na:na]
	at org.eclipse.egit.core.project.GitProjectData.map(GitProjectData.java:693) ~[na:na]
	at org.eclipse.egit.core.project.GitProjectData.remapAll(GitProjectData.java:651) ~[na:na]
	at org.eclipse.egit.core.project.GitProjectData.load(GitProjectData.java:634) ~[na:na]
	at org.eclipse.egit.core.project.GitProjectData.get(GitProjectData.java:220) ~[na:na]
	at org.eclipse.egit.core.project.RepositoryMapping.getProjectData(RepositoryMapping.java:335) ~[na:na]
	at org.eclipse.egit.core.project.RepositoryMapping.findMapping(RepositoryMapping.java:356) ~[na:na]
	at org.eclipse.egit.core.project.RepositoryMapping.getMapping(RepositoryMapping.java:313) ~[na:na]
	at org.eclipse.egit.ui.internal.decorators.DecoratableWorkingSet.<init>(DecoratableWorkingSet.java:67) ~[na:na]
	at org.eclipse.egit.ui.internal.decorators.GitLightweightDecorator.decorateResourceMapping(GitLightweightDecorator.java:258) ~[na:na]
	at org.eclipse.egit.ui.internal.decorators.GitLightweightDecorator.decorate(GitLightweightDecorator.java:199) ~[na:na]
	at org.eclipse.ui.internal.decorators.LightweightDecoratorDefinition.decorate(LightweightDecoratorDefinition.java:247) ~[na:na]
	at org.eclipse.ui.internal.decorators.LightweightDecoratorManager$LightweightRunnable.run(LightweightDecoratorManager.java:105) ~[na:na]
	at org.eclipse.core.runtime.SafeRunner.run(SafeRunner.java:45) ~[org.eclipse.equinox.common_3.10.400.v20190516-1504.jar:na]
	at org.eclipse.ui.internal.decorators.LightweightDecoratorManager.decorate(LightweightDecoratorManager.java:360) ~[na:na]
	at org.eclipse.ui.internal.decorators.LightweightDecoratorManager.getDecorations(LightweightDecoratorManager.java:346) ~[na:na]
	at org.eclipse.ui.internal.decorators.DecorationScheduler$1.ensureResultCached(DecorationScheduler.java:333) ~[na:na]
	at org.eclipse.ui.internal.decorators.DecorationScheduler$1.run(DecorationScheduler.java:300) ~[na:na]
	at org.eclipse.core.internal.jobs.Worker.run(Worker.java:63) ~[org.eclipse.core.jobs_3.10.400.v20190506-1457.jar:na]
2019-12-10 17:43:05,746 [Worker-1: Loading available Gradle versions] INFO  o.e.b.c.i.u.g.PublishedGradleVersions - Gradle version information cache is out-of-date. Trying to update.
2019-12-10 17:43:08,898 [Worker-6: Decoration Calculation] WARN  org.eclipse.jgit.util.FS - C:\Program Files\Git\mingw64\etc\.probe-bb828dc4-594b-4862-b517-2b466a4b125f
java.nio.file.AccessDeniedException: C:\Program Files\Git\mingw64\etc\.probe-bb828dc4-594b-4862-b517-2b466a4b125f
	at java.base/sun.nio.fs.WindowsException.translateToIOException(WindowsException.java:89) ~[na:na]
	at java.base/sun.nio.fs.WindowsException.rethrowAsIOException(WindowsException.java:103) ~[na:na]
	at java.base/sun.nio.fs.WindowsException.rethrowAsIOException(WindowsException.java:108) ~[na:na]
	at java.base/sun.nio.fs.WindowsFileSystemProvider.newByteChannel(WindowsFileSystemProvider.java:235) ~[na:na]
	at java.base/java.nio.file.Files.newByteChannel(Files.java:373) ~[na:na]
	at java.base/java.nio.file.Files.createFile(Files.java:650) ~[na:na]
	at org.eclipse.jgit.util.FS$FileStoreAttributeCache.<init>(FS.java:234) ~[na:na]
	at org.eclipse.jgit.util.FS$FileStoreAttributeCache.getFsTimestampResolution(FS.java:211) ~[na:na]
	at org.eclipse.jgit.util.FS.getFsTimerResolution(FS.java:321) ~[na:na]
	at org.eclipse.jgit.internal.storage.file.FileSnapshot.<init>(FileSnapshot.java:186) ~[na:na]
	at org.eclipse.jgit.internal.storage.file.FileSnapshot.save(FileSnapshot.java:122) ~[na:na]
	at org.eclipse.jgit.storage.file.FileBasedConfig.load(FileBasedConfig.java:156) ~[na:na]
	at org.eclipse.jgit.internal.storage.file.FileRepository.loadSystemConfig(FileRepository.java:245) ~[na:na]
	at org.eclipse.jgit.internal.storage.file.FileRepository.<init>(FileRepository.java:203) ~[na:na]
	at org.eclipse.jgit.storage.file.FileRepositoryBuilder.build(FileRepositoryBuilder.java:88) ~[na:na]
	at org.eclipse.jgit.storage.file.FileRepositoryBuilder.create(FileRepositoryBuilder.java:108) ~[na:na]
	at org.eclipse.egit.core.RepositoryCache.lookupRepository(RepositoryCache.java:58) ~[na:na]
	at org.eclipse.egit.core.project.GitProjectData.map(GitProjectData.java:693) ~[na:na]
	at org.eclipse.egit.core.project.GitProjectData.remapAll(GitProjectData.java:651) ~[na:na]
	at org.eclipse.egit.core.project.GitProjectData.load(GitProjectData.java:634) ~[na:na]
	at org.eclipse.egit.core.project.GitProjectData.get(GitProjectData.java:220) ~[na:na]
	at org.eclipse.egit.core.project.RepositoryMapping.getProjectData(RepositoryMapping.java:335) ~[na:na]
	at org.eclipse.egit.core.project.RepositoryMapping.findMapping(RepositoryMapping.java:356) ~[na:na]
	at org.eclipse.egit.core.project.RepositoryMapping.getMapping(RepositoryMapping.java:313) ~[na:na]
	at org.eclipse.egit.ui.internal.decorators.DecoratableWorkingSet.<init>(DecoratableWorkingSet.java:67) ~[na:na]
	at org.eclipse.egit.ui.internal.decorators.GitLightweightDecorator.decorateResourceMapping(GitLightweightDecorator.java:258) ~[na:na]
	at org.eclipse.egit.ui.internal.decorators.GitLightweightDecorator.decorate(GitLightweightDecorator.java:199) ~[na:na]
	at org.eclipse.ui.internal.decorators.LightweightDecoratorDefinition.decorate(LightweightDecoratorDefinition.java:247) ~[na:na]
	at org.eclipse.ui.internal.decorators.LightweightDecoratorManager$LightweightRunnable.run(LightweightDecoratorManager.java:105) ~[na:na]
	at org.eclipse.core.runtime.SafeRunner.run(SafeRunner.java:45) ~[org.eclipse.equinox.common_3.10.400.v20190516-1504.jar:na]
	at org.eclipse.ui.internal.decorators.LightweightDecoratorManager.decorate(LightweightDecoratorManager.java:360) ~[na:na]
	at org.eclipse.ui.internal.decorators.LightweightDecoratorManager.getDecorations(LightweightDecoratorManager.java:346) ~[na:na]
	at org.eclipse.ui.internal.decorators.DecorationScheduler$1.ensureResultCached(DecorationScheduler.java:333) ~[na:na]
	at org.eclipse.ui.internal.decorators.DecorationScheduler$1.run(DecorationScheduler.java:300) ~[na:na]
	at org.eclipse.core.internal.jobs.Worker.run(Worker.java:63) ~[org.eclipse.core.jobs_3.10.400.v20190506-1457.jar:na]
2020-01-03 22:00:05,603 [Worker-1: Loading available Gradle versions] INFO  o.e.b.c.i.u.g.PublishedGradleVersions - Gradle version information cache is out-of-date. Trying to update.
2020-01-03 22:00:09,559 [Worker-6: Decoration Calculation] WARN  org.eclipse.jgit.util.FS - C:\Program Files\Git\mingw64\etc\.probe-a94b9cc3-d458-49ba-8486-6dcc080a44ba
java.nio.file.AccessDeniedException: C:\Program Files\Git\mingw64\etc\.probe-a94b9cc3-d458-49ba-8486-6dcc080a44ba
	at java.base/sun.nio.fs.WindowsException.translateToIOException(WindowsException.java:89) ~[na:na]
	at java.base/sun.nio.fs.WindowsException.rethrowAsIOException(WindowsException.java:103) ~[na:na]
	at java.base/sun.nio.fs.WindowsException.rethrowAsIOException(WindowsException.java:108) ~[na:na]
	at java.base/sun.nio.fs.WindowsFileSystemProvider.newByteChannel(WindowsFileSystemProvider.java:235) ~[na:na]
	at java.base/java.nio.file.Files.newByteChannel(Files.java:373) ~[na:na]
	at java.base/java.nio.file.Files.createFile(Files.java:650) ~[na:na]
	at org.eclipse.jgit.util.FS$FileStoreAttributeCache.<init>(FS.java:234) ~[na:na]
	at org.eclipse.jgit.util.FS$FileStoreAttributeCache.getFsTimestampResolution(FS.java:211) ~[na:na]
	at org.eclipse.jgit.util.FS.getFsTimerResolution(FS.java:321) ~[na:na]
	at org.eclipse.jgit.internal.storage.file.FileSnapshot.<init>(FileSnapshot.java:186) ~[na:na]
	at org.eclipse.jgit.internal.storage.file.FileSnapshot.save(FileSnapshot.java:122) ~[na:na]
	at org.eclipse.jgit.storage.file.FileBasedConfig.load(FileBasedConfig.java:156) ~[na:na]
	at org.eclipse.jgit.internal.storage.file.FileRepository.loadSystemConfig(FileRepository.java:245) ~[na:na]
	at org.eclipse.jgit.internal.storage.file.FileRepository.<init>(FileRepository.java:203) ~[na:na]
	at org.eclipse.jgit.storage.file.FileRepositoryBuilder.build(FileRepositoryBuilder.java:88) ~[na:na]
	at org.eclipse.jgit.storage.file.FileRepositoryBuilder.create(FileRepositoryBuilder.java:108) ~[na:na]
	at org.eclipse.egit.core.RepositoryCache.lookupRepository(RepositoryCache.java:58) ~[na:na]
	at org.eclipse.egit.core.project.GitProjectData.map(GitProjectData.java:693) ~[na:na]
	at org.eclipse.egit.core.project.GitProjectData.remapAll(GitProjectData.java:651) ~[na:na]
	at org.eclipse.egit.core.project.GitProjectData.load(GitProjectData.java:634) ~[na:na]
	at org.eclipse.egit.core.project.GitProjectData.get(GitProjectData.java:220) ~[na:na]
	at org.eclipse.egit.core.project.RepositoryMapping.getProjectData(RepositoryMapping.java:335) ~[na:na]
	at org.eclipse.egit.core.project.RepositoryMapping.findMapping(RepositoryMapping.java:356) ~[na:na]
	at org.eclipse.egit.core.project.RepositoryMapping.getMapping(RepositoryMapping.java:313) ~[na:na]
	at org.eclipse.egit.ui.internal.decorators.DecoratableWorkingSet.<init>(DecoratableWorkingSet.java:67) ~[na:na]
	at org.eclipse.egit.ui.internal.decorators.GitLightweightDecorator.decorateResourceMapping(GitLightweightDecorator.java:258) ~[na:na]
	at org.eclipse.egit.ui.internal.decorators.GitLightweightDecorator.decorate(GitLightweightDecorator.java:199) ~[na:na]
	at org.eclipse.ui.internal.decorators.LightweightDecoratorDefinition.decorate(LightweightDecoratorDefinition.java:247) ~[na:na]
	at org.eclipse.ui.internal.decorators.LightweightDecoratorManager$LightweightRunnable.run(LightweightDecoratorManager.java:105) ~[na:na]
	at org.eclipse.core.runtime.SafeRunner.run(SafeRunner.java:45) ~[org.eclipse.equinox.common_3.10.400.v20190516-1504.jar:na]
	at org.eclipse.ui.internal.decorators.LightweightDecoratorManager.decorate(LightweightDecoratorManager.java:360) ~[na:na]
	at org.eclipse.ui.internal.decorators.LightweightDecoratorManager.getDecorations(LightweightDecoratorManager.java:346) ~[na:na]
	at org.eclipse.ui.internal.decorators.DecorationScheduler$1.ensureResultCached(DecorationScheduler.java:333) ~[na:na]
	at org.eclipse.ui.internal.decorators.DecorationScheduler$1.run(DecorationScheduler.java:300) ~[na:na]
	at org.eclipse.core.internal.jobs.Worker.run(Worker.java:63) ~[org.eclipse.core.jobs_3.10.400.v20190506-1457.jar:na]
2020-01-17 08:32:02,834 [Worker-4: Loading available Gradle versions] INFO  o.e.b.c.i.u.g.PublishedGradleVersions - Gradle version information cache is out-of-date. Trying to update.
2020-01-17 08:32:04,881 [Worker-3: Decoration Calculation] WARN  org.eclipse.jgit.util.FS - C:\Program Files\Git\mingw64\etc\.probe-08e24cde-da83-4c73-92a2-1be1cfc57a39
java.nio.file.AccessDeniedException: C:\Program Files\Git\mingw64\etc\.probe-08e24cde-da83-4c73-92a2-1be1cfc57a39
	at java.base/sun.nio.fs.WindowsException.translateToIOException(WindowsException.java:89) ~[na:na]
	at java.base/sun.nio.fs.WindowsException.rethrowAsIOException(WindowsException.java:103) ~[na:na]
	at java.base/sun.nio.fs.WindowsException.rethrowAsIOException(WindowsException.java:108) ~[na:na]
	at java.base/sun.nio.fs.WindowsFileSystemProvider.newByteChannel(WindowsFileSystemProvider.java:235) ~[na:na]
	at java.base/java.nio.file.Files.newByteChannel(Files.java:373) ~[na:na]
	at java.base/java.nio.file.Files.createFile(Files.java:650) ~[na:na]
	at org.eclipse.jgit.util.FS$FileStoreAttributeCache.<init>(FS.java:234) ~[na:na]
	at org.eclipse.jgit.util.FS$FileStoreAttributeCache.getFsTimestampResolution(FS.java:211) ~[na:na]
	at org.eclipse.jgit.util.FS.getFsTimerResolution(FS.java:321) ~[na:na]
	at org.eclipse.jgit.internal.storage.file.FileSnapshot.<init>(FileSnapshot.java:186) ~[na:na]
	at org.eclipse.jgit.internal.storage.file.FileSnapshot.save(FileSnapshot.java:122) ~[na:na]
	at org.eclipse.jgit.storage.file.FileBasedConfig.load(FileBasedConfig.java:156) ~[na:na]
	at org.eclipse.jgit.internal.storage.file.FileRepository.loadSystemConfig(FileRepository.java:245) ~[na:na]
	at org.eclipse.jgit.internal.storage.file.FileRepository.<init>(FileRepository.java:203) ~[na:na]
	at org.eclipse.jgit.storage.file.FileRepositoryBuilder.build(FileRepositoryBuilder.java:88) ~[na:na]
	at org.eclipse.jgit.storage.file.FileRepositoryBuilder.create(FileRepositoryBuilder.java:108) ~[na:na]
	at org.eclipse.egit.core.RepositoryCache.lookupRepository(RepositoryCache.java:58) ~[na:na]
	at org.eclipse.egit.core.project.GitProjectData.map(GitProjectData.java:693) ~[na:na]
	at org.eclipse.egit.core.project.GitProjectData.remapAll(GitProjectData.java:651) ~[na:na]
	at org.eclipse.egit.core.project.GitProjectData.load(GitProjectData.java:634) ~[na:na]
	at org.eclipse.egit.core.project.GitProjectData.get(GitProjectData.java:220) ~[na:na]
	at org.eclipse.egit.core.project.RepositoryMapping.getProjectData(RepositoryMapping.java:335) ~[na:na]
	at org.eclipse.egit.core.project.RepositoryMapping.findMapping(RepositoryMapping.java:356) ~[na:na]
	at org.eclipse.egit.core.project.RepositoryMapping.getMapping(RepositoryMapping.java:296) ~[na:na]
	at org.eclipse.egit.core.internal.util.ResourceUtil.getRepository(ResourceUtil.java:712) ~[na:na]
	at org.eclipse.egit.ui.internal.resources.ResourceStateFactory.getIndexDiffDataOrNull(ResourceStateFactory.java:103) ~[na:na]
	at org.eclipse.egit.ui.internal.decorators.GitLightweightDecorator.decorateResource(GitLightweightDecorator.java:224) ~[na:na]
	at org.eclipse.egit.ui.internal.decorators.GitLightweightDecorator.decorate(GitLightweightDecorator.java:201) ~[na:na]
	at org.eclipse.ui.internal.decorators.LightweightDecoratorDefinition.decorate(LightweightDecoratorDefinition.java:247) ~[na:na]
	at org.eclipse.ui.internal.decorators.LightweightDecoratorManager$LightweightRunnable.run(LightweightDecoratorManager.java:105) ~[na:na]
	at org.eclipse.core.runtime.SafeRunner.run(SafeRunner.java:45) ~[org.eclipse.equinox.common_3.10.400.v20190516-1504.jar:na]
	at org.eclipse.ui.internal.decorators.LightweightDecoratorManager.decorate(LightweightDecoratorManager.java:360) ~[na:na]
	at org.eclipse.ui.internal.decorators.LightweightDecoratorManager.getDecorations(LightweightDecoratorManager.java:346) ~[na:na]
	at org.eclipse.ui.internal.decorators.DecorationScheduler$1.ensureResultCached(DecorationScheduler.java:333) ~[na:na]
	at org.eclipse.ui.internal.decorators.DecorationScheduler$1.run(DecorationScheduler.java:300) ~[na:na]
	at org.eclipse.core.internal.jobs.Worker.run(Worker.java:63) ~[org.eclipse.core.jobs_3.10.400.v20190506-1457.jar:na]
2020-01-20 15:28:11,197 [Worker-1: Loading available Gradle versions] INFO  o.e.b.c.i.u.g.PublishedGradleVersions - Gradle version information cache is out-of-date. Trying to update.
2020-01-20 15:28:13,501 [Worker-4: Decoration Calculation] WARN  org.eclipse.jgit.util.FS - C:\Program Files\Git\mingw64\etc\.probe-c1d9d77d-fb48-4c66-8b77-665bdc9228fb
java.nio.file.AccessDeniedException: C:\Program Files\Git\mingw64\etc\.probe-c1d9d77d-fb48-4c66-8b77-665bdc9228fb
	at java.base/sun.nio.fs.WindowsException.translateToIOException(WindowsException.java:89) ~[na:na]
	at java.base/sun.nio.fs.WindowsException.rethrowAsIOException(WindowsException.java:103) ~[na:na]
	at java.base/sun.nio.fs.WindowsException.rethrowAsIOException(WindowsException.java:108) ~[na:na]
	at java.base/sun.nio.fs.WindowsFileSystemProvider.newByteChannel(WindowsFileSystemProvider.java:235) ~[na:na]
	at java.base/java.nio.file.Files.newByteChannel(Files.java:373) ~[na:na]
	at java.base/java.nio.file.Files.createFile(Files.java:650) ~[na:na]
	at org.eclipse.jgit.util.FS$FileStoreAttributeCache.<init>(FS.java:234) ~[na:na]
	at org.eclipse.jgit.util.FS$FileStoreAttributeCache.getFsTimestampResolution(FS.java:211) ~[na:na]
	at org.eclipse.jgit.util.FS.getFsTimerResolution(FS.java:321) ~[na:na]
	at org.eclipse.jgit.internal.storage.file.FileSnapshot.<init>(FileSnapshot.java:186) ~[na:na]
	at org.eclipse.jgit.internal.storage.file.FileSnapshot.save(FileSnapshot.java:122) ~[na:na]
	at org.eclipse.jgit.storage.file.FileBasedConfig.load(FileBasedConfig.java:156) ~[na:na]
	at org.eclipse.jgit.internal.storage.file.FileRepository.loadSystemConfig(FileRepository.java:245) ~[na:na]
	at org.eclipse.jgit.internal.storage.file.FileRepository.<init>(FileRepository.java:203) ~[na:na]
	at org.eclipse.jgit.storage.file.FileRepositoryBuilder.build(FileRepositoryBuilder.java:88) ~[na:na]
	at org.eclipse.jgit.storage.file.FileRepositoryBuilder.create(FileRepositoryBuilder.java:108) ~[na:na]
	at org.eclipse.egit.core.RepositoryCache.lookupRepository(RepositoryCache.java:58) ~[na:na]
	at org.eclipse.egit.core.project.GitProjectData.map(GitProjectData.java:693) ~[na:na]
	at org.eclipse.egit.core.project.GitProjectData.remapAll(GitProjectData.java:651) ~[na:na]
	at org.eclipse.egit.core.project.GitProjectData.load(GitProjectData.java:634) ~[na:na]
	at org.eclipse.egit.core.project.GitProjectData.get(GitProjectData.java:220) ~[na:na]
	at org.eclipse.egit.core.project.RepositoryMapping.getProjectData(RepositoryMapping.java:335) ~[na:na]
	at org.eclipse.egit.core.project.RepositoryMapping.findMapping(RepositoryMapping.java:356) ~[na:na]
	at org.eclipse.egit.core.project.RepositoryMapping.getMapping(RepositoryMapping.java:296) ~[na:na]
	at org.eclipse.egit.core.internal.util.ResourceUtil.getRepository(ResourceUtil.java:712) ~[na:na]
	at org.eclipse.egit.ui.internal.resources.ResourceStateFactory.getIndexDiffDataOrNull(ResourceStateFactory.java:103) ~[na:na]
	at org.eclipse.egit.ui.internal.decorators.GitLightweightDecorator.decorateResource(GitLightweightDecorator.java:224) ~[na:na]
	at org.eclipse.egit.ui.internal.decorators.GitLightweightDecorator.decorate(GitLightweightDecorator.java:201) ~[na:na]
	at org.eclipse.ui.internal.decorators.LightweightDecoratorDefinition.decorate(LightweightDecoratorDefinition.java:247) ~[na:na]
	at org.eclipse.ui.internal.decorators.LightweightDecoratorManager$LightweightRunnable.run(LightweightDecoratorManager.java:105) ~[na:na]
	at org.eclipse.core.runtime.SafeRunner.run(SafeRunner.java:45) ~[org.eclipse.equinox.common_3.10.400.v20190516-1504.jar:na]
	at org.eclipse.ui.internal.decorators.LightweightDecoratorManager.decorate(LightweightDecoratorManager.java:360) ~[na:na]
	at org.eclipse.ui.internal.decorators.LightweightDecoratorManager.getDecorations(LightweightDecoratorManager.java:346) ~[na:na]
	at org.eclipse.ui.internal.decorators.DecorationScheduler$1.ensureResultCached(DecorationScheduler.java:333) ~[na:na]
	at org.eclipse.ui.internal.decorators.DecorationScheduler$1.run(DecorationScheduler.java:300) ~[na:na]
	at org.eclipse.core.internal.jobs.Worker.run(Worker.java:63) ~[org.eclipse.core.jobs_3.10.400.v20190506-1457.jar:na]
2020-01-23 09:48:14,748 [Worker-5: Loading available Gradle versions] INFO  o.e.b.c.i.u.g.PublishedGradleVersions - Gradle version information cache is out-of-date. Trying to update.
2020-01-23 09:48:16,893 [Worker-4: Decoration Calculation] WARN  org.eclipse.jgit.util.FS - C:\Program Files\Git\mingw64\etc\.probe-5e010b89-f516-40c5-83f1-1c634286e879
java.nio.file.AccessDeniedException: C:\Program Files\Git\mingw64\etc\.probe-5e010b89-f516-40c5-83f1-1c634286e879
	at java.base/sun.nio.fs.WindowsException.translateToIOException(WindowsException.java:89) ~[na:na]
	at java.base/sun.nio.fs.WindowsException.rethrowAsIOException(WindowsException.java:103) ~[na:na]
	at java.base/sun.nio.fs.WindowsException.rethrowAsIOException(WindowsException.java:108) ~[na:na]
	at java.base/sun.nio.fs.WindowsFileSystemProvider.newByteChannel(WindowsFileSystemProvider.java:235) ~[na:na]
	at java.base/java.nio.file.Files.newByteChannel(Files.java:373) ~[na:na]
	at java.base/java.nio.file.Files.createFile(Files.java:650) ~[na:na]
	at org.eclipse.jgit.util.FS$FileStoreAttributeCache.<init>(FS.java:234) ~[na:na]
	at org.eclipse.jgit.util.FS$FileStoreAttributeCache.getFsTimestampResolution(FS.java:211) ~[na:na]
	at org.eclipse.jgit.util.FS.getFsTimerResolution(FS.java:321) ~[na:na]
	at org.eclipse.jgit.internal.storage.file.FileSnapshot.<init>(FileSnapshot.java:186) ~[na:na]
	at org.eclipse.jgit.internal.storage.file.FileSnapshot.save(FileSnapshot.java:122) ~[na:na]
	at org.eclipse.jgit.storage.file.FileBasedConfig.load(FileBasedConfig.java:156) ~[na:na]
	at org.eclipse.jgit.internal.storage.file.FileRepository.loadSystemConfig(FileRepository.java:245) ~[na:na]
	at org.eclipse.jgit.internal.storage.file.FileRepository.<init>(FileRepository.java:203) ~[na:na]
	at org.eclipse.jgit.storage.file.FileRepositoryBuilder.build(FileRepositoryBuilder.java:88) ~[na:na]
	at org.eclipse.jgit.storage.file.FileRepositoryBuilder.create(FileRepositoryBuilder.java:108) ~[na:na]
	at org.eclipse.egit.core.RepositoryCache.lookupRepository(RepositoryCache.java:58) ~[na:na]
	at org.eclipse.egit.core.project.GitProjectData.map(GitProjectData.java:693) ~[na:na]
	at org.eclipse.egit.core.project.GitProjectData.remapAll(GitProjectData.java:651) ~[na:na]
	at org.eclipse.egit.core.project.GitProjectData.load(GitProjectData.java:634) ~[na:na]
	at org.eclipse.egit.core.project.GitProjectData.get(GitProjectData.java:220) ~[na:na]
	at org.eclipse.egit.core.project.RepositoryMapping.getProjectData(RepositoryMapping.java:335) ~[na:na]
	at org.eclipse.egit.core.project.RepositoryMapping.findMapping(RepositoryMapping.java:356) ~[na:na]
	at org.eclipse.egit.core.project.RepositoryMapping.getMapping(RepositoryMapping.java:296) ~[na:na]
	at org.eclipse.egit.core.internal.util.ResourceUtil.getRepository(ResourceUtil.java:712) ~[na:na]
	at org.eclipse.egit.ui.internal.resources.ResourceStateFactory.getIndexDiffDataOrNull(ResourceStateFactory.java:103) ~[na:na]
	at org.eclipse.egit.ui.internal.decorators.GitLightweightDecorator.decorateResource(GitLightweightDecorator.java:224) ~[na:na]
	at org.eclipse.egit.ui.internal.decorators.GitLightweightDecorator.decorate(GitLightweightDecorator.java:201) ~[na:na]
	at org.eclipse.ui.internal.decorators.LightweightDecoratorDefinition.decorate(LightweightDecoratorDefinition.java:247) ~[na:na]
	at org.eclipse.ui.internal.decorators.LightweightDecoratorManager$LightweightRunnable.run(LightweightDecoratorManager.java:105) ~[na:na]
	at org.eclipse.core.runtime.SafeRunner.run(SafeRunner.java:45) ~[org.eclipse.equinox.common_3.10.400.v20190516-1504.jar:na]
	at org.eclipse.ui.internal.decorators.LightweightDecoratorManager.decorate(LightweightDecoratorManager.java:360) ~[na:na]
	at org.eclipse.ui.internal.decorators.LightweightDecoratorManager.getDecorations(LightweightDecoratorManager.java:346) ~[na:na]
	at org.eclipse.ui.internal.decorators.DecorationScheduler$1.ensureResultCached(DecorationScheduler.java:333) ~[na:na]
	at org.eclipse.ui.internal.decorators.DecorationScheduler$1.run(DecorationScheduler.java:300) ~[na:na]
	at org.eclipse.core.internal.jobs.Worker.run(Worker.java:63) ~[org.eclipse.core.jobs_3.10.400.v20190506-1457.jar:na]
2020-01-26 13:41:18,650 [Worker-2: Loading available Gradle versions] INFO  o.e.b.c.i.u.g.PublishedGradleVersions - Gradle version information cache is out-of-date. Trying to update.
2020-01-26 13:41:20,655 [Worker-0: Decoration Calculation] WARN  org.eclipse.jgit.util.FS - C:\Program Files\Git\mingw64\etc\.probe-1543f495-738f-4cb4-9360-9affba675ec5
java.nio.file.AccessDeniedException: C:\Program Files\Git\mingw64\etc\.probe-1543f495-738f-4cb4-9360-9affba675ec5
	at java.base/sun.nio.fs.WindowsException.translateToIOException(WindowsException.java:89) ~[na:na]
	at java.base/sun.nio.fs.WindowsException.rethrowAsIOException(WindowsException.java:103) ~[na:na]
	at java.base/sun.nio.fs.WindowsException.rethrowAsIOException(WindowsException.java:108) ~[na:na]
	at java.base/sun.nio.fs.WindowsFileSystemProvider.newByteChannel(WindowsFileSystemProvider.java:235) ~[na:na]
	at java.base/java.nio.file.Files.newByteChannel(Files.java:373) ~[na:na]
	at java.base/java.nio.file.Files.createFile(Files.java:650) ~[na:na]
	at org.eclipse.jgit.util.FS$FileStoreAttributeCache.<init>(FS.java:234) ~[na:na]
	at org.eclipse.jgit.util.FS$FileStoreAttributeCache.getFsTimestampResolution(FS.java:211) ~[na:na]
	at org.eclipse.jgit.util.FS.getFsTimerResolution(FS.java:321) ~[na:na]
	at org.eclipse.jgit.internal.storage.file.FileSnapshot.<init>(FileSnapshot.java:186) ~[na:na]
	at org.eclipse.jgit.internal.storage.file.FileSnapshot.save(FileSnapshot.java:122) ~[na:na]
	at org.eclipse.jgit.storage.file.FileBasedConfig.load(FileBasedConfig.java:156) ~[na:na]
	at org.eclipse.jgit.internal.storage.file.FileRepository.loadSystemConfig(FileRepository.java:245) ~[na:na]
	at org.eclipse.jgit.internal.storage.file.FileRepository.<init>(FileRepository.java:203) ~[na:na]
	at org.eclipse.jgit.storage.file.FileRepositoryBuilder.build(FileRepositoryBuilder.java:88) ~[na:na]
	at org.eclipse.jgit.storage.file.FileRepositoryBuilder.create(FileRepositoryBuilder.java:108) ~[na:na]
	at org.eclipse.egit.core.RepositoryCache.lookupRepository(RepositoryCache.java:58) ~[na:na]
	at org.eclipse.egit.core.project.GitProjectData.map(GitProjectData.java:693) ~[na:na]
	at org.eclipse.egit.core.project.GitProjectData.remapAll(GitProjectData.java:651) ~[na:na]
	at org.eclipse.egit.core.project.GitProjectData.load(GitProjectData.java:634) ~[na:na]
	at org.eclipse.egit.core.project.GitProjectData.get(GitProjectData.java:220) ~[na:na]
	at org.eclipse.egit.core.GitProvider.getData(GitProvider.java:108) ~[na:na]
	at org.eclipse.egit.core.project.RepositoryMapping.getProjectData(RepositoryMapping.java:340) ~[na:na]
	at org.eclipse.egit.core.project.RepositoryMapping.findMapping(RepositoryMapping.java:356) ~[na:na]
	at org.eclipse.egit.core.project.RepositoryMapping.getMapping(RepositoryMapping.java:296) ~[na:na]
	at org.eclipse.egit.core.internal.util.ResourceUtil.getRepository(ResourceUtil.java:712) ~[na:na]
	at org.eclipse.egit.ui.internal.resources.ResourceStateFactory.getIndexDiffDataOrNull(ResourceStateFactory.java:103) ~[na:na]
	at org.eclipse.egit.ui.internal.decorators.GitLightweightDecorator.decorateResource(GitLightweightDecorator.java:224) ~[na:na]
	at org.eclipse.egit.ui.internal.decorators.GitLightweightDecorator.decorate(GitLightweightDecorator.java:201) ~[na:na]
	at org.eclipse.ui.internal.decorators.LightweightDecoratorDefinition.decorate(LightweightDecoratorDefinition.java:247) ~[na:na]
	at org.eclipse.ui.internal.decorators.LightweightDecoratorManager$LightweightRunnable.run(LightweightDecoratorManager.java:105) ~[na:na]
	at org.eclipse.core.runtime.SafeRunner.run(SafeRunner.java:45) ~[org.eclipse.equinox.common_3.10.400.v20190516-1504.jar:na]
	at org.eclipse.ui.internal.decorators.LightweightDecoratorManager.decorate(LightweightDecoratorManager.java:360) ~[na:na]
	at org.eclipse.ui.internal.decorators.LightweightDecoratorManager.getDecorations(LightweightDecoratorManager.java:346) ~[na:na]
	at org.eclipse.ui.internal.decorators.DecorationScheduler$1.ensureResultCached(DecorationScheduler.java:333) ~[na:na]
	at org.eclipse.ui.internal.decorators.DecorationScheduler$1.run(DecorationScheduler.java:300) ~[na:na]
	at org.eclipse.core.internal.jobs.Worker.run(Worker.java:63) ~[org.eclipse.core.jobs_3.10.400.v20190506-1457.jar:na]
2020-02-14 10:29:17,207 [Worker-2: Loading available Gradle versions] INFO  o.e.b.c.i.u.g.PublishedGradleVersions - Gradle version information cache is out-of-date. Trying to update.
2020-02-14 10:29:19,045 [Worker-0: Decoration Calculation] WARN  org.eclipse.jgit.util.FS - C:\Program Files\Git\mingw64\etc\.probe-4514f2c3-5b79-4e67-866e-f88f7f2f1ef0
java.nio.file.AccessDeniedException: C:\Program Files\Git\mingw64\etc\.probe-4514f2c3-5b79-4e67-866e-f88f7f2f1ef0
	at java.base/sun.nio.fs.WindowsException.translateToIOException(WindowsException.java:89) ~[na:na]
	at java.base/sun.nio.fs.WindowsException.rethrowAsIOException(WindowsException.java:103) ~[na:na]
	at java.base/sun.nio.fs.WindowsException.rethrowAsIOException(WindowsException.java:108) ~[na:na]
	at java.base/sun.nio.fs.WindowsFileSystemProvider.newByteChannel(WindowsFileSystemProvider.java:235) ~[na:na]
	at java.base/java.nio.file.Files.newByteChannel(Files.java:373) ~[na:na]
	at java.base/java.nio.file.Files.createFile(Files.java:650) ~[na:na]
	at org.eclipse.jgit.util.FS$FileStoreAttributeCache.<init>(FS.java:234) ~[na:na]
	at org.eclipse.jgit.util.FS$FileStoreAttributeCache.getFsTimestampResolution(FS.java:211) ~[na:na]
	at org.eclipse.jgit.util.FS.getFsTimerResolution(FS.java:321) ~[na:na]
	at org.eclipse.jgit.internal.storage.file.FileSnapshot.<init>(FileSnapshot.java:186) ~[na:na]
	at org.eclipse.jgit.internal.storage.file.FileSnapshot.save(FileSnapshot.java:122) ~[na:na]
	at org.eclipse.jgit.storage.file.FileBasedConfig.load(FileBasedConfig.java:156) ~[na:na]
	at org.eclipse.jgit.internal.storage.file.FileRepository.loadSystemConfig(FileRepository.java:245) ~[na:na]
	at org.eclipse.jgit.internal.storage.file.FileRepository.<init>(FileRepository.java:203) ~[na:na]
	at org.eclipse.jgit.storage.file.FileRepositoryBuilder.build(FileRepositoryBuilder.java:88) ~[na:na]
	at org.eclipse.jgit.storage.file.FileRepositoryBuilder.create(FileRepositoryBuilder.java:108) ~[na:na]
	at org.eclipse.egit.core.RepositoryCache.lookupRepository(RepositoryCache.java:58) ~[na:na]
	at org.eclipse.egit.core.project.GitProjectData.map(GitProjectData.java:693) ~[na:na]
	at org.eclipse.egit.core.project.GitProjectData.remapAll(GitProjectData.java:651) ~[na:na]
	at org.eclipse.egit.core.project.GitProjectData.load(GitProjectData.java:634) ~[na:na]
	at org.eclipse.egit.core.project.GitProjectData.get(GitProjectData.java:220) ~[na:na]
	at org.eclipse.egit.core.project.RepositoryMapping.getProjectData(RepositoryMapping.java:335) ~[na:na]
	at org.eclipse.egit.core.project.RepositoryMapping.findMapping(RepositoryMapping.java:356) ~[na:na]
	at org.eclipse.egit.core.project.RepositoryMapping.getMapping(RepositoryMapping.java:313) ~[na:na]
	at org.eclipse.egit.ui.internal.decorators.DecoratableWorkingSet.<init>(DecoratableWorkingSet.java:67) ~[na:na]
	at org.eclipse.egit.ui.internal.decorators.GitLightweightDecorator.decorateResourceMapping(GitLightweightDecorator.java:258) ~[na:na]
	at org.eclipse.egit.ui.internal.decorators.GitLightweightDecorator.decorate(GitLightweightDecorator.java:199) ~[na:na]
	at org.eclipse.ui.internal.decorators.LightweightDecoratorDefinition.decorate(LightweightDecoratorDefinition.java:247) ~[na:na]
	at org.eclipse.ui.internal.decorators.LightweightDecoratorManager$LightweightRunnable.run(LightweightDecoratorManager.java:105) ~[na:na]
	at org.eclipse.core.runtime.SafeRunner.run(SafeRunner.java:45) ~[org.eclipse.equinox.common_3.10.400.v20190516-1504.jar:na]
	at org.eclipse.ui.internal.decorators.LightweightDecoratorManager.decorate(LightweightDecoratorManager.java:360) ~[na:na]
	at org.eclipse.ui.internal.decorators.LightweightDecoratorManager.getDecorations(LightweightDecoratorManager.java:346) ~[na:na]
	at org.eclipse.ui.internal.decorators.DecorationScheduler$1.ensureResultCached(DecorationScheduler.java:333) ~[na:na]
	at org.eclipse.ui.internal.decorators.DecorationScheduler$1.run(DecorationScheduler.java:300) ~[na:na]
	at org.eclipse.core.internal.jobs.Worker.run(Worker.java:63) ~[org.eclipse.core.jobs_3.10.400.v20190506-1457.jar:na]
2020-02-14 10:30:12,658 [Worker-4: Update Maven projects configuration] INFO  o.e.m.c.i.p.ProjectConfigurationManager - Update started
2020-02-14 10:30:13,990 [Worker-4: Update Maven projects configuration] INFO  o.e.m.c.i.l.LifecycleMappingFactory - Using org.eclipse.m2e.jdt.JarLifecycleMapping lifecycle mapping for MavenProject: com.howtodoinjava:RetrofitDemo:0.0.1-SNAPSHOT @ C:\Users\84989\Desktop\RSS Retrofit\RetrofitDemo\pom.xml.
2020-02-14 10:30:14,602 [Worker-4: Update Maven projects configuration] INFO  o.e.m.j.i.AbstractJavaProjectConfigurator - Adding source folder /RetrofitDemo/src/main/java
2020-02-14 10:30:14,602 [Worker-4: Update Maven projects configuration] INFO  o.e.m.j.i.AbstractJavaProjectConfigurator - Adding resource folder /RetrofitDemo/src/main/resources
2020-02-14 10:30:14,632 [Worker-4: Update Maven projects configuration] INFO  o.e.m.j.i.AbstractJavaProjectConfigurator - Adding source folder /RetrofitDemo/src/test/java
2020-02-14 10:30:14,813 [Worker-4: Update Maven projects configuration] INFO  o.e.m.c.i.p.ProjectConfigurationManager - Update completed: 2 sec
2020-02-14 10:30:16,845 [Worker-7: Download sources and javadoc] INFO  o.e.m.c.i.e.AbstractTransferListenerAdapter - Downloading https://repo.maven.apache.org/maven2/com/squareup/retrofit2/retrofit/2.6.1/retrofit-2.6.1-sources.jar
2020-02-14 10:30:17,744 [Worker-7: Download sources and javadoc] INFO  o.e.m.c.i.e.AbstractTransferListenerAdapter - Downloaded https://repo.maven.apache.org/maven2/com/squareup/retrofit2/retrofit/2.6.1/retrofit-2.6.1-sources.jar
2020-02-14 10:30:17,880 [Worker-7: Download sources and javadoc] INFO  o.e.m.j.internal.DownloadSourcesJob - Downloaded sources for com.squareup.retrofit2:retrofit:2.6.1
2020-02-14 10:30:18,694 [Worker-7: Download sources and javadoc] INFO  o.e.m.c.i.e.AbstractTransferListenerAdapter - Downloading https://repo.maven.apache.org/maven2/com/squareup/okhttp3/okhttp/3.12.0/okhttp-3.12.0-sources.jar
2020-02-14 10:30:19,685 [Worker-7: Download sources and javadoc] INFO  o.e.m.c.i.e.AbstractTransferListenerAdapter - Downloaded https://repo.maven.apache.org/maven2/com/squareup/okhttp3/okhttp/3.12.0/okhttp-3.12.0-sources.jar
2020-02-14 10:30:19,775 [Worker-7: Download sources and javadoc] INFO  o.e.m.j.internal.DownloadSourcesJob - Downloaded sources for com.squareup.okhttp3:okhttp:3.12.0
2020-02-14 10:30:20,580 [Worker-7: Download sources and javadoc] INFO  o.e.m.c.i.e.AbstractTransferListenerAdapter - Downloading https://repo.maven.apache.org/maven2/com/squareup/okio/okio/1.15.0/okio-1.15.0-sources.jar
2020-02-14 10:30:21,232 [Worker-7: Download sources and javadoc] INFO  o.e.m.c.i.e.AbstractTransferListenerAdapter - Downloaded https://repo.maven.apache.org/maven2/com/squareup/okio/okio/1.15.0/okio-1.15.0-sources.jar
2020-02-14 10:30:21,310 [Worker-7: Download sources and javadoc] INFO  o.e.m.j.internal.DownloadSourcesJob - Downloaded sources for com.squareup.okio:okio:1.15.0
2020-02-14 10:30:22,404 [Worker-7: Download sources and javadoc] INFO  o.e.m.c.i.e.AbstractTransferListenerAdapter - Downloading https://repo.maven.apache.org/maven2/com/squareup/retrofit2/converter-gson/2.6.1/converter-gson-2.6.1-sources.jar
2020-02-14 10:30:22,821 [Worker-7: Download sources and javadoc] INFO  o.e.m.c.i.e.AbstractTransferListenerAdapter - Downloaded https://repo.maven.apache.org/maven2/com/squareup/retrofit2/converter-gson/2.6.1/converter-gson-2.6.1-sources.jar
2020-02-14 10:30:22,921 [Worker-7: Download sources and javadoc] INFO  o.e.m.j.internal.DownloadSourcesJob - Downloaded sources for com.squareup.retrofit2:converter-gson:2.6.1
2020-02-14 10:30:23,768 [Worker-7: Download sources and javadoc] INFO  o.e.m.c.i.e.AbstractTransferListenerAdapter - Downloading https://repo.maven.apache.org/maven2/com/google/code/gson/gson/2.8.5/gson-2.8.5-sources.jar
2020-02-14 10:30:24,556 [Worker-7: Download sources and javadoc] INFO  o.e.m.c.i.e.AbstractTransferListenerAdapter - Downloaded https://repo.maven.apache.org/maven2/com/google/code/gson/gson/2.8.5/gson-2.8.5-sources.jar
2020-02-14 10:30:24,625 [Worker-7: Download sources and javadoc] INFO  o.e.m.j.internal.DownloadSourcesJob - Downloaded sources for com.google.code.gson:gson:2.8.5
2020-02-14 10:30:25,689 [Worker-7: Download sources and javadoc] INFO  o.e.m.c.i.e.AbstractTransferListenerAdapter - Downloading https://repo.maven.apache.org/maven2/com/squareup/retrofit2/converter-simplexml/2.6.1/converter-simplexml-2.6.1-sources.jar
2020-02-14 10:30:26,120 [Worker-7: Download sources and javadoc] INFO  o.e.m.c.i.e.AbstractTransferListenerAdapter - Downloaded https://repo.maven.apache.org/maven2/com/squareup/retrofit2/converter-simplexml/2.6.1/converter-simplexml-2.6.1-sources.jar
2020-02-14 10:30:26,210 [Worker-7: Download sources and javadoc] INFO  o.e.m.j.internal.DownloadSourcesJob - Downloaded sources for com.squareup.retrofit2:converter-simplexml:2.6.1
2020-02-14 10:30:27,044 [Worker-7: Download sources and javadoc] INFO  o.e.m.c.i.e.AbstractTransferListenerAdapter - Downloading https://repo.maven.apache.org/maven2/org/simpleframework/simple-xml/2.7.1/simple-xml-2.7.1-sources.jar
2020-02-14 10:30:28,250 [Worker-7: Download sources and javadoc] INFO  o.e.m.c.i.e.AbstractTransferListenerAdapter - Downloaded https://repo.maven.apache.org/maven2/org/simpleframework/simple-xml/2.7.1/simple-xml-2.7.1-sources.jar
2020-02-14 10:30:28,513 [Worker-7: Download sources and javadoc] INFO  o.e.m.j.internal.DownloadSourcesJob - Downloaded sources for org.simpleframework:simple-xml:2.7.1
2020-02-14 10:30:29,337 [Worker-7: Download sources and javadoc] INFO  o.e.m.c.i.e.AbstractTransferListenerAdapter - Downloaded https://repo.maven.apache.org/maven2/stax/stax-api/1.0.1/stax-api-1.0.1-sources.jar
2020-02-14 10:30:29,369 [Worker-7: Download sources and javadoc] ERROR o.e.m.j.internal.DownloadSourcesJob - Could not download sources for stax:stax-api:1.0.1
org.eclipse.core.runtime.CoreException: Could not resolve artifact stax:stax-api:jar:sources:1.0.1
	at org.eclipse.m2e.core.internal.embedder.MavenImpl.lambda$4(MavenImpl.java:801) ~[na:na]
	at org.eclipse.m2e.core.internal.embedder.MavenExecutionContext.executeBare(MavenExecutionContext.java:177) ~[na:na]
	at org.eclipse.m2e.core.internal.embedder.MavenExecutionContext.execute(MavenExecutionContext.java:112) ~[na:na]
	at org.eclipse.m2e.core.internal.embedder.MavenExecutionContext.execute(MavenExecutionContext.java:99) ~[na:na]
	at org.eclipse.m2e.core.internal.embedder.MavenImpl.resolve(MavenImpl.java:769) ~[na:na]
	at org.eclipse.m2e.core.internal.embedder.MavenImpl.resolve(MavenImpl.java:746) ~[na:na]
	at org.eclipse.m2e.jdt.internal.DownloadSourcesJob.download(DownloadSourcesJob.java:328) ~[na:na]
	at org.eclipse.m2e.jdt.internal.DownloadSourcesJob.downloadAttachments(DownloadSourcesJob.java:302) ~[na:na]
	at org.eclipse.m2e.jdt.internal.DownloadSourcesJob.downloadMaven(DownloadSourcesJob.java:267) ~[na:na]
	at org.eclipse.m2e.jdt.internal.DownloadSourcesJob.downloadFilesAndPopulateToUpdate(DownloadSourcesJob.java:231) ~[na:na]
	at org.eclipse.m2e.jdt.internal.DownloadSourcesJob.lambda$0(DownloadSourcesJob.java:159) ~[na:na]
	at org.eclipse.m2e.core.internal.embedder.MavenExecutionContext.executeBare(MavenExecutionContext.java:177) ~[na:na]
	at org.eclipse.m2e.core.internal.embedder.MavenExecutionContext.execute(MavenExecutionContext.java:151) ~[na:na]
	at org.eclipse.m2e.core.internal.embedder.MavenExecutionContext.execute(MavenExecutionContext.java:99) ~[na:na]
	at org.eclipse.m2e.core.internal.embedder.MavenImpl.execute(MavenImpl.java:1374) ~[na:na]
	at org.eclipse.m2e.jdt.internal.DownloadSourcesJob.run(DownloadSourcesJob.java:159) ~[na:na]
	at org.eclipse.core.internal.jobs.Worker.run(Worker.java:63) ~[org.eclipse.core.jobs_3.10.400.v20190506-1457.jar:na]
2020-02-14 10:30:30,226 [Worker-7: Download sources and javadoc] INFO  o.e.m.c.i.e.AbstractTransferListenerAdapter - Downloading https://repo.maven.apache.org/maven2/stax/stax/1.2.0/stax-1.2.0-sources.jar
2020-02-14 10:30:31,050 [Worker-7: Download sources and javadoc] INFO  o.e.m.c.i.e.AbstractTransferListenerAdapter - Downloaded https://repo.maven.apache.org/maven2/stax/stax/1.2.0/stax-1.2.0-sources.jar
2020-02-14 10:30:31,197 [Worker-7: Download sources and javadoc] INFO  o.e.m.j.internal.DownloadSourcesJob - Downloaded sources for stax:stax:1.2.0
2020-02-14 10:30:32,012 [Worker-7: Download sources and javadoc] INFO  o.e.m.c.i.e.AbstractTransferListenerAdapter - Downloaded https://repo.maven.apache.org/maven2/xpp3/xpp3/1.1.3.3/xpp3-1.1.3.3-sources.jar
2020-02-14 10:30:32,041 [Worker-7: Download sources and javadoc] ERROR o.e.m.j.internal.DownloadSourcesJob - Could not download sources for xpp3:xpp3:1.1.3.3
org.eclipse.core.runtime.CoreException: Could not resolve artifact xpp3:xpp3:jar:sources:1.1.3.3
	at org.eclipse.m2e.core.internal.embedder.MavenImpl.lambda$4(MavenImpl.java:801) ~[na:na]
	at org.eclipse.m2e.core.internal.embedder.MavenExecutionContext.executeBare(MavenExecutionContext.java:177) ~[na:na]
	at org.eclipse.m2e.core.internal.embedder.MavenExecutionContext.execute(MavenExecutionContext.java:112) ~[na:na]
	at org.eclipse.m2e.core.internal.embedder.MavenExecutionContext.execute(MavenExecutionContext.java:99) ~[na:na]
	at org.eclipse.m2e.core.internal.embedder.MavenImpl.resolve(MavenImpl.java:769) ~[na:na]
	at org.eclipse.m2e.core.internal.embedder.MavenImpl.resolve(MavenImpl.java:746) ~[na:na]
	at org.eclipse.m2e.jdt.internal.DownloadSourcesJob.download(DownloadSourcesJob.java:328) ~[na:na]
	at org.eclipse.m2e.jdt.internal.DownloadSourcesJob.downloadAttachments(DownloadSourcesJob.java:302) ~[na:na]
	at org.eclipse.m2e.jdt.internal.DownloadSourcesJob.downloadMaven(DownloadSourcesJob.java:267) ~[na:na]
	at org.eclipse.m2e.jdt.internal.DownloadSourcesJob.downloadFilesAndPopulateToUpdate(DownloadSourcesJob.java:231) ~[na:na]
	at org.eclipse.m2e.jdt.internal.DownloadSourcesJob.lambda$0(DownloadSourcesJob.java:159) ~[na:na]
	at org.eclipse.m2e.core.internal.embedder.MavenExecutionContext.executeBare(MavenExecutionContext.java:177) ~[na:na]
	at org.eclipse.m2e.core.internal.embedder.MavenExecutionContext.execute(MavenExecutionContext.java:151) ~[na:na]
	at org.eclipse.m2e.core.internal.embedder.MavenExecutionContext.execute(MavenExecutionContext.java:99) ~[na:na]
	at org.eclipse.m2e.core.internal.embedder.MavenImpl.execute(MavenImpl.java:1374) ~[na:na]
	at org.eclipse.m2e.jdt.internal.DownloadSourcesJob.run(DownloadSourcesJob.java:159) ~[na:na]
	at org.eclipse.core.internal.jobs.Worker.run(Worker.java:63) ~[org.eclipse.core.jobs_3.10.400.v20190506-1457.jar:na]
2020-02-14 10:30:32,904 [Worker-7: Download sources and javadoc] INFO  o.e.m.c.i.e.AbstractTransferListenerAdapter - Downloading https://repo.maven.apache.org/maven2/com/squareup/okhttp3/logging-interceptor/3.9.0/logging-interceptor-3.9.0-sources.jar
2020-02-14 10:30:33,500 [Worker-7: Download sources and javadoc] INFO  o.e.m.c.i.e.AbstractTransferListenerAdapter - Downloaded https://repo.maven.apache.org/maven2/com/squareup/okhttp3/logging-interceptor/3.9.0/logging-interceptor-3.9.0-sources.jar
2020-02-14 10:30:33,613 [Worker-7: Download sources and javadoc] INFO  o.e.m.j.internal.DownloadSourcesJob - Downloaded sources for com.squareup.okhttp3:logging-interceptor:3.9.0
2020-02-14 10:30:33,621 [Worker-7: Download sources and javadoc] INFO  o.e.m.j.internal.DownloadSourcesJob - Downloaded sources for com.squareup.retrofit2:retrofit:2.6.1
2020-02-14 10:30:33,629 [Worker-7: Download sources and javadoc] INFO  o.e.m.j.internal.DownloadSourcesJob - Downloaded sources for com.squareup.okhttp3:okhttp:3.12.0
2020-02-14 10:30:33,638 [Worker-7: Download sources and javadoc] INFO  o.e.m.j.internal.DownloadSourcesJob - Downloaded sources for com.squareup.okio:okio:1.15.0
2020-02-14 10:30:33,646 [Worker-7: Download sources and javadoc] INFO  o.e.m.j.internal.DownloadSourcesJob - Downloaded sources for com.squareup.retrofit2:converter-gson:2.6.1
2020-02-14 10:30:33,654 [Worker-7: Download sources and javadoc] INFO  o.e.m.j.internal.DownloadSourcesJob - Downloaded sources for com.google.code.gson:gson:2.8.5
2020-02-14 10:30:33,663 [Worker-7: Download sources and javadoc] INFO  o.e.m.j.internal.DownloadSourcesJob - Downloaded sources for com.squareup.retrofit2:converter-simplexml:2.6.1
2020-02-14 10:30:33,671 [Worker-7: Download sources and javadoc] INFO  o.e.m.j.internal.DownloadSourcesJob - Downloaded sources for org.simpleframework:simple-xml:2.7.1
2020-02-14 10:30:34,492 [Worker-7: Download sources and javadoc] INFO  o.e.m.c.i.e.AbstractTransferListenerAdapter - Downloaded https://repo.maven.apache.org/maven2/stax/stax-api/1.0.1/stax-api-1.0.1-javadoc.jar
2020-02-14 10:30:34,523 [Worker-7: Download sources and javadoc] ERROR o.e.m.j.internal.DownloadSourcesJob - Could not download javadoc for stax:stax-api:1.0.1
org.eclipse.core.runtime.CoreException: Could not resolve artifact stax:stax-api:jar:javadoc:1.0.1
	at org.eclipse.m2e.core.internal.embedder.MavenImpl.lambda$4(MavenImpl.java:801) ~[na:na]
	at org.eclipse.m2e.core.internal.embedder.MavenExecutionContext.executeBare(MavenExecutionContext.java:177) ~[na:na]
	at org.eclipse.m2e.core.internal.embedder.MavenExecutionContext.execute(MavenExecutionContext.java:112) ~[na:na]
	at org.eclipse.m2e.core.internal.embedder.MavenExecutionContext.execute(MavenExecutionContext.java:99) ~[na:na]
	at org.eclipse.m2e.core.internal.embedder.MavenImpl.resolve(MavenImpl.java:769) ~[na:na]
	at org.eclipse.m2e.core.internal.embedder.MavenImpl.resolve(MavenImpl.java:746) ~[na:na]
	at org.eclipse.m2e.jdt.internal.DownloadSourcesJob.download(DownloadSourcesJob.java:328) ~[na:na]
	at org.eclipse.m2e.jdt.internal.DownloadSourcesJob.downloadAttachments(DownloadSourcesJob.java:314) ~[na:na]
	at org.eclipse.m2e.jdt.internal.DownloadSourcesJob.downloadMaven(DownloadSourcesJob.java:267) ~[na:na]
	at org.eclipse.m2e.jdt.internal.DownloadSourcesJob.downloadFilesAndPopulateToUpdate(DownloadSourcesJob.java:231) ~[na:na]
	at org.eclipse.m2e.jdt.internal.DownloadSourcesJob.lambda$0(DownloadSourcesJob.java:159) ~[na:na]
	at org.eclipse.m2e.core.internal.embedder.MavenExecutionContext.executeBare(MavenExecutionContext.java:177) ~[na:na]
	at org.eclipse.m2e.core.internal.embedder.MavenExecutionContext.execute(MavenExecutionContext.java:151) ~[na:na]
	at org.eclipse.m2e.core.internal.embedder.MavenExecutionContext.execute(MavenExecutionContext.java:99) ~[na:na]
	at org.eclipse.m2e.core.internal.embedder.MavenImpl.execute(MavenImpl.java:1374) ~[na:na]
	at org.eclipse.m2e.jdt.internal.DownloadSourcesJob.run(DownloadSourcesJob.java:159) ~[na:na]
	at org.eclipse.core.internal.jobs.Worker.run(Worker.java:63) ~[org.eclipse.core.jobs_3.10.400.v20190506-1457.jar:na]
2020-02-14 10:30:34,554 [Worker-7: Download sources and javadoc] INFO  o.e.m.j.internal.DownloadSourcesJob - Downloaded sources for stax:stax:1.2.0
2020-02-14 10:30:35,397 [Worker-7: Download sources and javadoc] INFO  o.e.m.c.i.e.AbstractTransferListenerAdapter - Downloaded https://repo.maven.apache.org/maven2/xpp3/xpp3/1.1.3.3/xpp3-1.1.3.3-javadoc.jar
2020-02-14 10:30:35,426 [Worker-7: Download sources and javadoc] ERROR o.e.m.j.internal.DownloadSourcesJob - Could not download javadoc for xpp3:xpp3:1.1.3.3
org.eclipse.core.runtime.CoreException: Could not resolve artifact xpp3:xpp3:jar:javadoc:1.1.3.3
	at org.eclipse.m2e.core.internal.embedder.MavenImpl.lambda$4(MavenImpl.java:801) ~[na:na]
	at org.eclipse.m2e.core.internal.embedder.MavenExecutionContext.executeBare(MavenExecutionContext.java:177) ~[na:na]
	at org.eclipse.m2e.core.internal.embedder.MavenExecutionContext.execute(MavenExecutionContext.java:112) ~[na:na]
	at org.eclipse.m2e.core.internal.embedder.MavenExecutionContext.execute(MavenExecutionContext.java:99) ~[na:na]
	at org.eclipse.m2e.core.internal.embedder.MavenImpl.resolve(MavenImpl.java:769) ~[na:na]
	at org.eclipse.m2e.core.internal.embedder.MavenImpl.resolve(MavenImpl.java:746) ~[na:na]
	at org.eclipse.m2e.jdt.internal.DownloadSourcesJob.download(DownloadSourcesJob.java:328) ~[na:na]
	at org.eclipse.m2e.jdt.internal.DownloadSourcesJob.downloadAttachments(DownloadSourcesJob.java:314) ~[na:na]
	at org.eclipse.m2e.jdt.internal.DownloadSourcesJob.downloadMaven(DownloadSourcesJob.java:267) ~[na:na]
	at org.eclipse.m2e.jdt.internal.DownloadSourcesJob.downloadFilesAndPopulateToUpdate(DownloadSourcesJob.java:231) ~[na:na]
	at org.eclipse.m2e.jdt.internal.DownloadSourcesJob.lambda$0(DownloadSourcesJob.java:159) ~[na:na]
	at org.eclipse.m2e.core.internal.embedder.MavenExecutionContext.executeBare(MavenExecutionContext.java:177) ~[na:na]
	at org.eclipse.m2e.core.internal.embedder.MavenExecutionContext.execute(MavenExecutionContext.java:151) ~[na:na]
	at org.eclipse.m2e.core.internal.embedder.MavenExecutionContext.execute(MavenExecutionContext.java:99) ~[na:na]
	at org.eclipse.m2e.core.internal.embedder.MavenImpl.execute(MavenImpl.java:1374) ~[na:na]
	at org.eclipse.m2e.jdt.internal.DownloadSourcesJob.run(DownloadSourcesJob.java:159) ~[na:na]
	at org.eclipse.core.internal.jobs.Worker.run(Worker.java:63) ~[org.eclipse.core.jobs_3.10.400.v20190506-1457.jar:na]
2020-02-14 10:30:35,455 [Worker-7: Download sources and javadoc] INFO  o.e.m.j.internal.DownloadSourcesJob - Downloaded sources for com.squareup.okhttp3:logging-interceptor:3.9.0
2020-02-14 10:34:40,688 [Worker-0: Launching RssServiceDemo] INFO  o.e.m.c.i.embedder.EclipseLogger - Using 'UTF-8' encoding to copy filtered resources.
2020-02-14 10:34:40,704 [Worker-0: Launching RssServiceDemo] INFO  o.e.m.c.i.embedder.EclipseLogger - Copying 1 resource
2020-02-14 10:34:40,704 [Worker-0: Launching RssServiceDemo] INFO  o.e.m.c.i.embedder.EclipseLogger - Using 'UTF-8' encoding to copy filtered resources.
2020-02-14 10:34:40,704 [Worker-0: Launching RssServiceDemo] INFO  o.e.m.c.i.embedder.EclipseLogger - skip non existing resourceDirectory C:\Users\84989\Desktop\RSS Retrofit\RetrofitDemo\src\test\resources
2020-02-29 20:09:33,571 [Worker-2: Loading available Gradle versions] INFO  o.e.b.c.i.u.g.PublishedGradleVersions - Gradle version information cache is out-of-date. Trying to update.
2020-02-29 20:09:35,439 [Worker-0: Decoration Calculation] WARN  org.eclipse.jgit.util.FS - C:\Program Files\Git\mingw64\etc\.probe-ffa963f4-9d91-4ce7-9ac9-086c25c1a983
java.nio.file.AccessDeniedException: C:\Program Files\Git\mingw64\etc\.probe-ffa963f4-9d91-4ce7-9ac9-086c25c1a983
	at java.base/sun.nio.fs.WindowsException.translateToIOException(WindowsException.java:89) ~[na:na]
	at java.base/sun.nio.fs.WindowsException.rethrowAsIOException(WindowsException.java:103) ~[na:na]
	at java.base/sun.nio.fs.WindowsException.rethrowAsIOException(WindowsException.java:108) ~[na:na]
	at java.base/sun.nio.fs.WindowsFileSystemProvider.newByteChannel(WindowsFileSystemProvider.java:235) ~[na:na]
	at java.base/java.nio.file.Files.newByteChannel(Files.java:373) ~[na:na]
	at java.base/java.nio.file.Files.createFile(Files.java:650) ~[na:na]
	at org.eclipse.jgit.util.FS$FileStoreAttributeCache.<init>(FS.java:234) ~[na:na]
	at org.eclipse.jgit.util.FS$FileStoreAttributeCache.getFsTimestampResolution(FS.java:211) ~[na:na]
	at org.eclipse.jgit.util.FS.getFsTimerResolution(FS.java:321) ~[na:na]
	at org.eclipse.jgit.internal.storage.file.FileSnapshot.<init>(FileSnapshot.java:186) ~[na:na]
	at org.eclipse.jgit.internal.storage.file.FileSnapshot.save(FileSnapshot.java:122) ~[na:na]
	at org.eclipse.jgit.storage.file.FileBasedConfig.load(FileBasedConfig.java:156) ~[na:na]
	at org.eclipse.jgit.internal.storage.file.FileRepository.loadSystemConfig(FileRepository.java:245) ~[na:na]
	at org.eclipse.jgit.internal.storage.file.FileRepository.<init>(FileRepository.java:203) ~[na:na]
	at org.eclipse.jgit.storage.file.FileRepositoryBuilder.build(FileRepositoryBuilder.java:88) ~[na:na]
	at org.eclipse.jgit.storage.file.FileRepositoryBuilder.create(FileRepositoryBuilder.java:108) ~[na:na]
	at org.eclipse.egit.core.RepositoryCache.lookupRepository(RepositoryCache.java:58) ~[na:na]
	at org.eclipse.egit.core.project.GitProjectData.map(GitProjectData.java:693) ~[na:na]
	at org.eclipse.egit.core.project.GitProjectData.remapAll(GitProjectData.java:651) ~[na:na]
	at org.eclipse.egit.core.project.GitProjectData.load(GitProjectData.java:634) ~[na:na]
	at org.eclipse.egit.core.project.GitProjectData.get(GitProjectData.java:220) ~[na:na]
	at org.eclipse.egit.core.project.RepositoryMapping.getProjectData(RepositoryMapping.java:335) ~[na:na]
	at org.eclipse.egit.core.project.RepositoryMapping.findMapping(RepositoryMapping.java:356) ~[na:na]
	at org.eclipse.egit.core.project.RepositoryMapping.getMapping(RepositoryMapping.java:313) ~[na:na]
	at org.eclipse.egit.ui.internal.decorators.DecoratableWorkingSet.<init>(DecoratableWorkingSet.java:67) ~[na:na]
	at org.eclipse.egit.ui.internal.decorators.GitLightweightDecorator.decorateResourceMapping(GitLightweightDecorator.java:258) ~[na:na]
	at org.eclipse.egit.ui.internal.decorators.GitLightweightDecorator.decorate(GitLightweightDecorator.java:199) ~[na:na]
	at org.eclipse.ui.internal.decorators.LightweightDecoratorDefinition.decorate(LightweightDecoratorDefinition.java:247) ~[na:na]
	at org.eclipse.ui.internal.decorators.LightweightDecoratorManager$LightweightRunnable.run(LightweightDecoratorManager.java:105) ~[na:na]
	at org.eclipse.core.runtime.SafeRunner.run(SafeRunner.java:45) ~[org.eclipse.equinox.common_3.10.400.v20190516-1504.jar:na]
	at org.eclipse.ui.internal.decorators.LightweightDecoratorManager.decorate(LightweightDecoratorManager.java:360) ~[na:na]
	at org.eclipse.ui.internal.decorators.LightweightDecoratorManager.getDecorations(LightweightDecoratorManager.java:346) ~[na:na]
	at org.eclipse.ui.internal.decorators.DecorationScheduler$1.ensureResultCached(DecorationScheduler.java:333) ~[na:na]
	at org.eclipse.ui.internal.decorators.DecorationScheduler$1.run(DecorationScheduler.java:300) ~[na:na]
	at org.eclipse.core.internal.jobs.Worker.run(Worker.java:63) ~[org.eclipse.core.jobs_3.10.400.v20190506-1457.jar:na]
